{"C:\\Users\\PC ENTER\\Desktop\\Master Burch\\IT 502 - AI-Driven Software Engineering\\Project\\frontend\\src\\App.jsx": {"path":"C:\\Users\\PC ENTER\\Desktop\\Master Burch\\IT 502 - AI-Driven Software Engineering\\Project\\frontend\\src\\App.jsx","all":false,"statementMap":{"0":{"start":{"line":1,"column":0},"end":{"line":1,"column":61}},"1":{"start":{"line":2,"column":0},"end":{"line":2,"column":41}},"2":{"start":{"line":3,"column":0},"end":{"line":3,"column":49}},"3":{"start":{"line":4,"column":0},"end":{"line":4,"column":0}},"4":{"start":{"line":5,"column":0},"end":{"line":5,"column":23}},"5":{"start":{"line":6,"column":0},"end":{"line":6,"column":37}},"6":{"start":{"line":7,"column":0},"end":{"line":7,"column":0}},"7":{"start":{"line":8,"column":0},"end":{"line":8,"column":16}},"8":{"start":{"line":9,"column":0},"end":{"line":9,"column":12}},"9":{"start":{"line":10,"column":0},"end":{"line":10,"column":80}},"10":{"start":{"line":11,"column":0},"end":{"line":11,"column":96}},"11":{"start":{"line":12,"column":0},"end":{"line":12,"column":12}},"12":{"start":{"line":13,"column":0},"end":{"line":13,"column":5}},"13":{"start":{"line":14,"column":0},"end":{"line":14,"column":3}},"14":{"start":{"line":15,"column":0},"end":{"line":15,"column":0}},"15":{"start":{"line":16,"column":0},"end":{"line":16,"column":49}},"16":{"start":{"line":17,"column":0},"end":{"line":17,"column":1}},"17":{"start":{"line":18,"column":0},"end":{"line":18,"column":0}},"18":{"start":{"line":19,"column":0},"end":{"line":19,"column":16}},"19":{"start":{"line":20,"column":0},"end":{"line":20,"column":10}},"20":{"start":{"line":21,"column":0},"end":{"line":21,"column":18}},"21":{"start":{"line":22,"column":0},"end":{"line":22,"column":20}},"22":{"start":{"line":23,"column":0},"end":{"line":23,"column":19}},"23":{"start":{"line":24,"column":0},"end":{"line":24,"column":3}},"24":{"start":{"line":25,"column":0},"end":{"line":25,"column":1}},"25":{"start":{"line":26,"column":0},"end":{"line":26,"column":0}},"26":{"start":{"line":27,"column":0},"end":{"line":27,"column":18}}},"s":{"0":1,"1":1,"2":1,"3":1,"4":24,"5":24,"6":24,"7":24,"8":12,"9":12,"10":12,"11":12,"12":12,"13":12,"14":12,"15":24,"16":24,"17":1,"18":12,"19":12,"20":12,"21":12,"22":12,"23":12,"24":12,"25":1,"26":1},"branchMap":{"0":{"type":"branch","line":5,"loc":{"start":{"line":5,"column":0},"end":{"line":17,"column":1}},"locations":[{"start":{"line":5,"column":0},"end":{"line":17,"column":1}}]},"1":{"type":"branch","line":8,"loc":{"start":{"line":8,"column":15},"end":{"line":16,"column":16}},"locations":[{"start":{"line":8,"column":15},"end":{"line":16,"column":16}}]},"2":{"type":"branch","line":16,"loc":{"start":{"line":16,"column":9},"end":{"line":16,"column":36}},"locations":[{"start":{"line":16,"column":9},"end":{"line":16,"column":36}}]},"3":{"type":"branch","line":16,"loc":{"start":{"line":16,"column":31},"end":{"line":16,"column":49}},"locations":[{"start":{"line":16,"column":31},"end":{"line":16,"column":49}}]},"4":{"type":"branch","line":19,"loc":{"start":{"line":19,"column":0},"end":{"line":25,"column":1}},"locations":[{"start":{"line":19,"column":0},"end":{"line":25,"column":1}}]}},"b":{"0":[24],"1":[12],"2":[5],"3":[7],"4":[12]},"fnMap":{"0":{"name":"AppContent","decl":{"start":{"line":5,"column":0},"end":{"line":17,"column":1}},"loc":{"start":{"line":5,"column":0},"end":{"line":17,"column":1}},"line":5},"1":{"name":"App","decl":{"start":{"line":19,"column":0},"end":{"line":25,"column":1}},"loc":{"start":{"line":19,"column":0},"end":{"line":25,"column":1}},"line":19}},"f":{"0":24,"1":12}}
,"C:\\Users\\PC ENTER\\Desktop\\Master Burch\\IT 502 - AI-Driven Software Engineering\\Project\\frontend\\src\\components\\ConfirmDialog.jsx": {"path":"C:\\Users\\PC ENTER\\Desktop\\Master Burch\\IT 502 - AI-Driven Software Engineering\\Project\\frontend\\src\\components\\ConfirmDialog.jsx","all":false,"statementMap":{"0":{"start":{"line":1,"column":0},"end":{"line":1,"column":79}},"1":{"start":{"line":2,"column":0},"end":{"line":2,"column":10}},"2":{"start":{"line":3,"column":0},"end":{"line":3,"column":103}},"3":{"start":{"line":4,"column":0},"end":{"line":4,"column":73}},"4":{"start":{"line":5,"column":0},"end":{"line":5,"column":75}},"5":{"start":{"line":6,"column":0},"end":{"line":6,"column":63}},"6":{"start":{"line":7,"column":0},"end":{"line":7,"column":48}},"7":{"start":{"line":8,"column":0},"end":{"line":8,"column":17}},"8":{"start":{"line":9,"column":0},"end":{"line":9,"column":25}},"9":{"start":{"line":10,"column":0},"end":{"line":10,"column":30}},"10":{"start":{"line":11,"column":0},"end":{"line":11,"column":201}},"11":{"start":{"line":12,"column":0},"end":{"line":12,"column":11}},"12":{"start":{"line":13,"column":0},"end":{"line":13,"column":18}},"13":{"start":{"line":14,"column":0},"end":{"line":14,"column":19}},"14":{"start":{"line":15,"column":0},"end":{"line":15,"column":17}},"15":{"start":{"line":16,"column":0},"end":{"line":16,"column":25}},"16":{"start":{"line":17,"column":0},"end":{"line":17,"column":31}},"17":{"start":{"line":18,"column":0},"end":{"line":18,"column":200}},"18":{"start":{"line":19,"column":0},"end":{"line":19,"column":11}},"19":{"start":{"line":20,"column":0},"end":{"line":20,"column":26}},"20":{"start":{"line":21,"column":0},"end":{"line":21,"column":19}},"21":{"start":{"line":22,"column":0},"end":{"line":22,"column":14}},"22":{"start":{"line":23,"column":0},"end":{"line":23,"column":12}},"23":{"start":{"line":24,"column":0},"end":{"line":24,"column":10}},"24":{"start":{"line":25,"column":0},"end":{"line":25,"column":3}},"25":{"start":{"line":26,"column":0},"end":{"line":26,"column":1}},"26":{"start":{"line":27,"column":0},"end":{"line":27,"column":0}},"27":{"start":{"line":28,"column":0},"end":{"line":28,"column":28}}},"s":{"0":6,"1":6,"2":6,"3":6,"4":6,"5":6,"6":6,"7":6,"8":6,"9":6,"10":6,"11":6,"12":6,"13":6,"14":6,"15":6,"16":6,"17":6,"18":6,"19":6,"20":6,"21":6,"22":6,"23":6,"24":6,"25":6,"26":1,"27":1},"branchMap":{"0":{"type":"branch","line":1,"loc":{"start":{"line":1,"column":0},"end":{"line":26,"column":1}},"locations":[{"start":{"line":1,"column":0},"end":{"line":26,"column":1}}]}},"b":{"0":[6]},"fnMap":{"0":{"name":"ConfirmDialog","decl":{"start":{"line":1,"column":0},"end":{"line":26,"column":1}},"loc":{"start":{"line":1,"column":0},"end":{"line":26,"column":1}},"line":1}},"f":{"0":6}}
,"C:\\Users\\PC ENTER\\Desktop\\Master Burch\\IT 502 - AI-Driven Software Engineering\\Project\\frontend\\src\\components\\SessionForm.jsx": {"path":"C:\\Users\\PC ENTER\\Desktop\\Master Burch\\IT 502 - AI-Driven Software Engineering\\Project\\frontend\\src\\components\\SessionForm.jsx","all":false,"statementMap":{"0":{"start":{"line":1,"column":0},"end":{"line":1,"column":43}},"1":{"start":{"line":2,"column":0},"end":{"line":2,"column":0}},"2":{"start":{"line":3,"column":0},"end":{"line":3,"column":71}},"3":{"start":{"line":4,"column":0},"end":{"line":4,"column":44}},"4":{"start":{"line":5,"column":0},"end":{"line":5,"column":60}},"5":{"start":{"line":6,"column":0},"end":{"line":6,"column":40}},"6":{"start":{"line":7,"column":0},"end":{"line":7,"column":52}},"7":{"start":{"line":8,"column":0},"end":{"line":8,"column":0}},"8":{"start":{"line":9,"column":0},"end":{"line":9,"column":19}},"9":{"start":{"line":10,"column":0},"end":{"line":10,"column":18}},"10":{"start":{"line":11,"column":0},"end":{"line":11,"column":39}},"11":{"start":{"line":12,"column":0},"end":{"line":12,"column":68}},"12":{"start":{"line":13,"column":0},"end":{"line":13,"column":35}},"13":{"start":{"line":14,"column":0},"end":{"line":14,"column":84}},"14":{"start":{"line":15,"column":0},"end":{"line":15,"column":12}},"15":{"start":{"line":16,"column":0},"end":{"line":16,"column":20}},"16":{"start":{"line":17,"column":0},"end":{"line":17,"column":28}},"17":{"start":{"line":18,"column":0},"end":{"line":18,"column":18}},"18":{"start":{"line":19,"column":0},"end":{"line":19,"column":60}},"19":{"start":{"line":20,"column":0},"end":{"line":20,"column":5}},"20":{"start":{"line":21,"column":0},"end":{"line":21,"column":15}},"21":{"start":{"line":22,"column":0},"end":{"line":22,"column":0}},"22":{"start":{"line":23,"column":0},"end":{"line":23,"column":31}},"23":{"start":{"line":24,"column":0},"end":{"line":24,"column":22}},"24":{"start":{"line":25,"column":0},"end":{"line":25,"column":14}},"25":{"start":{"line":26,"column":0},"end":{"line":26,"column":14}},"26":{"start":{"line":27,"column":0},"end":{"line":27,"column":54}},"27":{"start":{"line":28,"column":0},"end":{"line":28,"column":27}},"28":{"start":{"line":29,"column":0},"end":{"line":29,"column":32}},"29":{"start":{"line":30,"column":0},"end":{"line":30,"column":6}},"30":{"start":{"line":31,"column":0},"end":{"line":31,"column":3}},"31":{"start":{"line":32,"column":0},"end":{"line":32,"column":0}},"32":{"start":{"line":33,"column":0},"end":{"line":33,"column":10}},"33":{"start":{"line":34,"column":0},"end":{"line":34,"column":103}},"34":{"start":{"line":35,"column":0},"end":{"line":35,"column":73}},"35":{"start":{"line":36,"column":0},"end":{"line":36,"column":63}},"36":{"start":{"line":37,"column":0},"end":{"line":37,"column":56}},"37":{"start":{"line":38,"column":0},"end":{"line":38,"column":13}},"38":{"start":{"line":39,"column":0},"end":{"line":39,"column":0}},"39":{"start":{"line":40,"column":0},"end":{"line":40,"column":60}},"40":{"start":{"line":41,"column":0},"end":{"line":41,"column":15}},"41":{"start":{"line":42,"column":0},"end":{"line":42,"column":89}},"42":{"start":{"line":43,"column":0},"end":{"line":43,"column":21}},"43":{"start":{"line":44,"column":0},"end":{"line":44,"column":20}},"44":{"start":{"line":45,"column":0},"end":{"line":45,"column":18}},"45":{"start":{"line":46,"column":0},"end":{"line":46,"column":25}},"46":{"start":{"line":47,"column":0},"end":{"line":47,"column":26}},"47":{"start":{"line":48,"column":0},"end":{"line":48,"column":22}},"48":{"start":{"line":49,"column":0},"end":{"line":49,"column":29}},"49":{"start":{"line":50,"column":0},"end":{"line":50,"column":29}},"50":{"start":{"line":51,"column":0},"end":{"line":51,"column":58}},"51":{"start":{"line":52,"column":0},"end":{"line":52,"column":173}},"52":{"start":{"line":53,"column":0},"end":{"line":53,"column":54}},"53":{"start":{"line":54,"column":0},"end":{"line":54,"column":14}},"54":{"start":{"line":55,"column":0},"end":{"line":55,"column":16}},"55":{"start":{"line":56,"column":0},"end":{"line":56,"column":0}},"56":{"start":{"line":57,"column":0},"end":{"line":57,"column":15}},"57":{"start":{"line":58,"column":0},"end":{"line":58,"column":90}},"58":{"start":{"line":59,"column":0},"end":{"line":59,"column":32}},"59":{"start":{"line":60,"column":0},"end":{"line":60,"column":20}},"60":{"start":{"line":61,"column":0},"end":{"line":61,"column":18}},"61":{"start":{"line":62,"column":0},"end":{"line":62,"column":27}},"62":{"start":{"line":63,"column":0},"end":{"line":63,"column":27}},"63":{"start":{"line":64,"column":0},"end":{"line":64,"column":22}},"64":{"start":{"line":65,"column":0},"end":{"line":65,"column":21}},"65":{"start":{"line":66,"column":0},"end":{"line":66,"column":37}},"66":{"start":{"line":67,"column":0},"end":{"line":67,"column":66}},"67":{"start":{"line":68,"column":0},"end":{"line":68,"column":173}},"68":{"start":{"line":69,"column":0},"end":{"line":69,"column":36}},"69":{"start":{"line":70,"column":0},"end":{"line":70,"column":14}},"70":{"start":{"line":71,"column":0},"end":{"line":71,"column":16}},"71":{"start":{"line":72,"column":0},"end":{"line":72,"column":0}},"72":{"start":{"line":73,"column":0},"end":{"line":73,"column":15}},"73":{"start":{"line":74,"column":0},"end":{"line":74,"column":93}},"74":{"start":{"line":75,"column":0},"end":{"line":75,"column":18}},"75":{"start":{"line":76,"column":0},"end":{"line":76,"column":20}},"76":{"start":{"line":77,"column":0},"end":{"line":77,"column":18}},"77":{"start":{"line":78,"column":0},"end":{"line":78,"column":25}},"78":{"start":{"line":79,"column":0},"end":{"line":79,"column":30}},"79":{"start":{"line":80,"column":0},"end":{"line":80,"column":22}},"80":{"start":{"line":81,"column":0},"end":{"line":81,"column":33}},"81":{"start":{"line":82,"column":0},"end":{"line":82,"column":62}},"82":{"start":{"line":83,"column":0},"end":{"line":83,"column":173}},"83":{"start":{"line":84,"column":0},"end":{"line":84,"column":14}},"84":{"start":{"line":85,"column":0},"end":{"line":85,"column":16}},"85":{"start":{"line":86,"column":0},"end":{"line":86,"column":0}},"86":{"start":{"line":87,"column":0},"end":{"line":87,"column":15}},"87":{"start":{"line":88,"column":0},"end":{"line":88,"column":87}},"88":{"start":{"line":89,"column":0},"end":{"line":89,"column":30}},"89":{"start":{"line":90,"column":0},"end":{"line":90,"column":20}},"90":{"start":{"line":91,"column":0},"end":{"line":91,"column":21}},"91":{"start":{"line":92,"column":0},"end":{"line":92,"column":24}},"92":{"start":{"line":93,"column":0},"end":{"line":93,"column":22}},"93":{"start":{"line":94,"column":0},"end":{"line":94,"column":27}},"94":{"start":{"line":95,"column":0},"end":{"line":95,"column":56}},"95":{"start":{"line":96,"column":0},"end":{"line":96,"column":173}},"96":{"start":{"line":97,"column":0},"end":{"line":97,"column":47}},"97":{"start":{"line":98,"column":0},"end":{"line":98,"column":14}},"98":{"start":{"line":99,"column":0},"end":{"line":99,"column":16}},"99":{"start":{"line":100,"column":0},"end":{"line":100,"column":0}},"100":{"start":{"line":101,"column":0},"end":{"line":101,"column":21}},"101":{"start":{"line":102,"column":0},"end":{"line":102,"column":54}},"102":{"start":{"line":103,"column":0},"end":{"line":103,"column":61}},"103":{"start":{"line":104,"column":0},"end":{"line":104,"column":18}},"104":{"start":{"line":105,"column":0},"end":{"line":105,"column":12}},"105":{"start":{"line":106,"column":0},"end":{"line":106,"column":0}},"106":{"start":{"line":107,"column":0},"end":{"line":107,"column":55}},"107":{"start":{"line":108,"column":0},"end":{"line":108,"column":19}},"108":{"start":{"line":109,"column":0},"end":{"line":109,"column":27}},"109":{"start":{"line":110,"column":0},"end":{"line":110,"column":32}},"110":{"start":{"line":111,"column":0},"end":{"line":111,"column":203}},"111":{"start":{"line":112,"column":0},"end":{"line":112,"column":13}},"112":{"start":{"line":113,"column":0},"end":{"line":113,"column":20}},"113":{"start":{"line":114,"column":0},"end":{"line":114,"column":21}},"114":{"start":{"line":115,"column":0},"end":{"line":115,"column":19}},"115":{"start":{"line":116,"column":0},"end":{"line":116,"column":27}},"116":{"start":{"line":117,"column":0},"end":{"line":117,"column":32}},"117":{"start":{"line":118,"column":0},"end":{"line":118,"column":231}},"118":{"start":{"line":119,"column":0},"end":{"line":119,"column":13}},"119":{"start":{"line":120,"column":0},"end":{"line":120,"column":69}},"120":{"start":{"line":121,"column":0},"end":{"line":121,"column":21}},"121":{"start":{"line":122,"column":0},"end":{"line":122,"column":16}},"122":{"start":{"line":123,"column":0},"end":{"line":123,"column":15}},"123":{"start":{"line":124,"column":0},"end":{"line":124,"column":12}},"124":{"start":{"line":125,"column":0},"end":{"line":125,"column":10}},"125":{"start":{"line":126,"column":0},"end":{"line":126,"column":3}},"126":{"start":{"line":127,"column":0},"end":{"line":127,"column":1}},"127":{"start":{"line":128,"column":0},"end":{"line":128,"column":0}},"128":{"start":{"line":129,"column":0},"end":{"line":129,"column":26}}},"s":{"0":1,"1":1,"2":135,"3":135,"4":135,"5":135,"6":135,"7":135,"8":135,"9":31,"10":4,"11":4,"12":4,"13":4,"14":31,"15":27,"16":27,"17":27,"18":27,"19":27,"20":135,"21":135,"22":135,"23":5,"24":5,"25":5,"26":5,"27":5,"28":5,"29":5,"30":5,"31":135,"32":135,"33":135,"34":135,"35":135,"36":135,"37":135,"38":135,"39":135,"40":135,"41":135,"42":135,"43":135,"44":135,"45":135,"46":135,"47":135,"48":135,"49":135,"50":135,"51":135,"52":135,"53":135,"54":135,"55":135,"56":135,"57":135,"58":135,"59":135,"60":135,"61":135,"62":135,"63":135,"64":135,"65":135,"66":135,"67":135,"68":135,"69":135,"70":135,"71":135,"72":135,"73":135,"74":135,"75":135,"76":135,"77":135,"78":135,"79":135,"80":135,"81":135,"82":135,"83":135,"84":135,"85":135,"86":135,"87":135,"88":135,"89":135,"90":135,"91":135,"92":135,"93":135,"94":135,"95":135,"96":135,"97":135,"98":135,"99":135,"100":135,"101":3,"102":3,"103":3,"104":135,"105":135,"106":135,"107":135,"108":135,"109":135,"110":135,"111":135,"112":135,"113":135,"114":135,"115":135,"116":135,"117":135,"118":135,"119":135,"120":135,"121":135,"122":135,"123":135,"124":135,"125":135,"126":135,"127":1,"128":1},"branchMap":{"0":{"type":"branch","line":3,"loc":{"start":{"line":3,"column":0},"end":{"line":127,"column":1}},"locations":[{"start":{"line":3,"column":0},"end":{"line":127,"column":1}}]},"1":{"type":"branch","line":37,"loc":{"start":{"line":37,"column":11},"end":{"line":37,"column":38}},"locations":[{"start":{"line":37,"column":11},"end":{"line":37,"column":38}}]},"2":{"type":"branch","line":37,"loc":{"start":{"line":37,"column":21},"end":{"line":37,"column":56}},"locations":[{"start":{"line":37,"column":21},"end":{"line":37,"column":56}}]},"3":{"type":"branch","line":101,"loc":{"start":{"line":101,"column":11},"end":{"line":104,"column":18}},"locations":[{"start":{"line":101,"column":11},"end":{"line":104,"column":18}}]},"4":{"type":"branch","line":120,"loc":{"start":{"line":120,"column":15},"end":{"line":120,"column":39}},"locations":[{"start":{"line":120,"column":15},"end":{"line":120,"column":39}}]},"5":{"type":"branch","line":120,"loc":{"start":{"line":120,"column":25},"end":{"line":120,"column":69}},"locations":[{"start":{"line":120,"column":25},"end":{"line":120,"column":69}}]},"6":{"type":"branch","line":120,"loc":{"start":{"line":120,"column":39},"end":{"line":120,"column":60}},"locations":[{"start":{"line":120,"column":39},"end":{"line":120,"column":60}}]},"7":{"type":"branch","line":120,"loc":{"start":{"line":120,"column":49},"end":{"line":120,"column":69}},"locations":[{"start":{"line":120,"column":49},"end":{"line":120,"column":69}}]},"8":{"type":"branch","line":9,"loc":{"start":{"line":9,"column":12},"end":{"line":21,"column":5}},"locations":[{"start":{"line":9,"column":12},"end":{"line":21,"column":5}}]},"9":{"type":"branch","line":10,"loc":{"start":{"line":10,"column":17},"end":{"line":15,"column":11}},"locations":[{"start":{"line":10,"column":17},"end":{"line":15,"column":11}}]},"10":{"type":"branch","line":11,"loc":{"start":{"line":11,"column":25},"end":{"line":11,"column":38}},"locations":[{"start":{"line":11,"column":25},"end":{"line":11,"column":38}}]},"11":{"type":"branch","line":12,"loc":{"start":{"line":12,"column":60},"end":{"line":12,"column":67}},"locations":[{"start":{"line":12,"column":60},"end":{"line":12,"column":67}}]},"12":{"type":"branch","line":13,"loc":{"start":{"line":13,"column":23},"end":{"line":13,"column":34}},"locations":[{"start":{"line":13,"column":23},"end":{"line":13,"column":34}}]},"13":{"type":"branch","line":14,"loc":{"start":{"line":14,"column":29},"end":{"line":14,"column":83}},"locations":[{"start":{"line":14,"column":29},"end":{"line":14,"column":83}}]},"14":{"type":"branch","line":15,"loc":{"start":{"line":15,"column":4},"end":{"line":20,"column":5}},"locations":[{"start":{"line":15,"column":4},"end":{"line":20,"column":5}}]},"15":{"type":"branch","line":23,"loc":{"start":{"line":23,"column":23},"end":{"line":31,"column":3}},"locations":[{"start":{"line":23,"column":23},"end":{"line":31,"column":3}}]},"16":{"type":"branch","line":28,"loc":{"start":{"line":28,"column":13},"end":{"line":28,"column":27}},"locations":[{"start":{"line":28,"column":13},"end":{"line":28,"column":27}}]},"17":{"type":"branch","line":51,"loc":{"start":{"line":51,"column":24},"end":{"line":51,"column":58}},"locations":[{"start":{"line":51,"column":24},"end":{"line":51,"column":58}}]},"18":{"type":"branch","line":67,"loc":{"start":{"line":67,"column":24},"end":{"line":67,"column":66}},"locations":[{"start":{"line":67,"column":24},"end":{"line":67,"column":66}}]},"19":{"type":"branch","line":82,"loc":{"start":{"line":82,"column":24},"end":{"line":82,"column":62}},"locations":[{"start":{"line":82,"column":24},"end":{"line":82,"column":62}}]},"20":{"type":"branch","line":95,"loc":{"start":{"line":95,"column":24},"end":{"line":95,"column":56}},"locations":[{"start":{"line":95,"column":24},"end":{"line":95,"column":56}}]}},"b":{"0":[135],"1":[8],"2":[125],"3":[3],"4":[9],"5":[124],"6":[8],"7":[116],"8":[31],"9":[4],"10":[0],"11":[0],"12":[1],"13":[0],"14":[27],"15":[5],"16":[4],"17":[37],"18":[12],"19":[2],"20":[18]},"fnMap":{"0":{"name":"SessionForm","decl":{"start":{"line":3,"column":0},"end":{"line":127,"column":1}},"loc":{"start":{"line":3,"column":0},"end":{"line":127,"column":1}},"line":3},"1":{"name":"handleSubmit","decl":{"start":{"line":23,"column":23},"end":{"line":31,"column":3}},"loc":{"start":{"line":23,"column":23},"end":{"line":31,"column":3}},"line":23},"2":{"name":"onChange","decl":{"start":{"line":51,"column":24},"end":{"line":51,"column":58}},"loc":{"start":{"line":51,"column":24},"end":{"line":51,"column":58}},"line":51},"3":{"name":"onChange","decl":{"start":{"line":67,"column":24},"end":{"line":67,"column":66}},"loc":{"start":{"line":67,"column":24},"end":{"line":67,"column":66}},"line":67},"4":{"name":"onChange","decl":{"start":{"line":82,"column":24},"end":{"line":82,"column":62}},"loc":{"start":{"line":82,"column":24},"end":{"line":82,"column":62}},"line":82},"5":{"name":"onChange","decl":{"start":{"line":95,"column":24},"end":{"line":95,"column":56}},"loc":{"start":{"line":95,"column":24},"end":{"line":95,"column":56}},"line":95}},"f":{"0":135,"1":5,"2":37,"3":12,"4":2,"5":18}}
,"C:\\Users\\PC ENTER\\Desktop\\Master Burch\\IT 502 - AI-Driven Software Engineering\\Project\\frontend\\src\\components\\SessionList.jsx": {"path":"C:\\Users\\PC ENTER\\Desktop\\Master Burch\\IT 502 - AI-Driven Software Engineering\\Project\\frontend\\src\\components\\SessionList.jsx","all":false,"statementMap":{"0":{"start":{"line":1,"column":0},"end":{"line":1,"column":33}},"1":{"start":{"line":2,"column":0},"end":{"line":2,"column":35}},"2":{"start":{"line":3,"column":0},"end":{"line":3,"column":43}},"3":{"start":{"line":4,"column":0},"end":{"line":4,"column":19}},"4":{"start":{"line":5,"column":0},"end":{"line":5,"column":19}},"5":{"start":{"line":6,"column":0},"end":{"line":6,"column":20}},"6":{"start":{"line":7,"column":0},"end":{"line":7,"column":4}},"7":{"start":{"line":8,"column":0},"end":{"line":8,"column":1}},"8":{"start":{"line":9,"column":0},"end":{"line":9,"column":0}},"9":{"start":{"line":10,"column":0},"end":{"line":10,"column":34}},"10":{"start":{"line":11,"column":0},"end":{"line":11,"column":40}},"11":{"start":{"line":12,"column":0},"end":{"line":12,"column":27}},"12":{"start":{"line":13,"column":0},"end":{"line":13,"column":36}},"13":{"start":{"line":14,"column":0},"end":{"line":14,"column":36}},"14":{"start":{"line":15,"column":0},"end":{"line":15,"column":29}},"15":{"start":{"line":16,"column":0},"end":{"line":16,"column":1}},"16":{"start":{"line":17,"column":0},"end":{"line":17,"column":0}},"17":{"start":{"line":18,"column":0},"end":{"line":18,"column":54}},"18":{"start":{"line":19,"column":0},"end":{"line":19,"column":43}},"19":{"start":{"line":20,"column":0},"end":{"line":20,"column":12}},"20":{"start":{"line":21,"column":0},"end":{"line":21,"column":66}},"21":{"start":{"line":22,"column":0},"end":{"line":22,"column":87}},"22":{"start":{"line":23,"column":0},"end":{"line":23,"column":12}},"23":{"start":{"line":24,"column":0},"end":{"line":24,"column":5}},"24":{"start":{"line":25,"column":0},"end":{"line":25,"column":3}},"25":{"start":{"line":26,"column":0},"end":{"line":26,"column":0}},"26":{"start":{"line":27,"column":0},"end":{"line":27,"column":10}},"27":{"start":{"line":28,"column":0},"end":{"line":28,"column":64}},"28":{"start":{"line":29,"column":0},"end":{"line":29,"column":47}},"29":{"start":{"line":30,"column":0},"end":{"line":30,"column":36}},"30":{"start":{"line":31,"column":0},"end":{"line":31,"column":64}},"31":{"start":{"line":32,"column":0},"end":{"line":32,"column":62}},"32":{"start":{"line":33,"column":0},"end":{"line":33,"column":46}},"33":{"start":{"line":34,"column":0},"end":{"line":34,"column":57}},"34":{"start":{"line":35,"column":0},"end":{"line":35,"column":77}},"35":{"start":{"line":36,"column":0},"end":{"line":36,"column":37}},"36":{"start":{"line":37,"column":0},"end":{"line":37,"column":23}},"37":{"start":{"line":38,"column":0},"end":{"line":38,"column":138}},"38":{"start":{"line":39,"column":0},"end":{"line":39,"column":62}},"39":{"start":{"line":40,"column":0},"end":{"line":40,"column":25}},"40":{"start":{"line":41,"column":0},"end":{"line":41,"column":22}},"41":{"start":{"line":42,"column":0},"end":{"line":42,"column":58}},"42":{"start":{"line":43,"column":0},"end":{"line":43,"column":52}},"43":{"start":{"line":44,"column":0},"end":{"line":44,"column":20}},"44":{"start":{"line":45,"column":0},"end":{"line":45,"column":35}},"45":{"start":{"line":46,"column":0},"end":{"line":46,"column":73}},"46":{"start":{"line":47,"column":0},"end":{"line":47,"column":35}},"47":{"start":{"line":48,"column":0},"end":{"line":48,"column":22}},"48":{"start":{"line":49,"column":0},"end":{"line":49,"column":18}},"49":{"start":{"line":50,"column":0},"end":{"line":50,"column":20}},"50":{"start":{"line":51,"column":0},"end":{"line":51,"column":60}},"51":{"start":{"line":52,"column":0},"end":{"line":52,"column":23}},"52":{"start":{"line":53,"column":0},"end":{"line":53,"column":49}},"53":{"start":{"line":54,"column":0},"end":{"line":54,"column":75}},"54":{"start":{"line":55,"column":0},"end":{"line":55,"column":17}},"55":{"start":{"line":56,"column":0},"end":{"line":56,"column":22}},"56":{"start":{"line":57,"column":0},"end":{"line":57,"column":25}},"57":{"start":{"line":58,"column":0},"end":{"line":58,"column":23}},"58":{"start":{"line":59,"column":0},"end":{"line":59,"column":51}},"59":{"start":{"line":60,"column":0},"end":{"line":60,"column":69}},"60":{"start":{"line":61,"column":0},"end":{"line":61,"column":17}},"61":{"start":{"line":62,"column":0},"end":{"line":62,"column":24}},"62":{"start":{"line":63,"column":0},"end":{"line":63,"column":25}},"63":{"start":{"line":64,"column":0},"end":{"line":64,"column":20}},"64":{"start":{"line":65,"column":0},"end":{"line":65,"column":18}},"65":{"start":{"line":66,"column":0},"end":{"line":66,"column":15}},"66":{"start":{"line":67,"column":0},"end":{"line":67,"column":11}},"67":{"start":{"line":68,"column":0},"end":{"line":68,"column":11}},"68":{"start":{"line":69,"column":0},"end":{"line":69,"column":10}},"69":{"start":{"line":70,"column":0},"end":{"line":70,"column":3}},"70":{"start":{"line":71,"column":0},"end":{"line":71,"column":1}},"71":{"start":{"line":72,"column":0},"end":{"line":72,"column":0}},"72":{"start":{"line":73,"column":0},"end":{"line":73,"column":26}}},"s":{"0":80,"1":80,"2":80,"3":80,"4":80,"5":80,"6":80,"7":80,"8":1,"9":80,"10":80,"11":80,"12":80,"13":58,"14":11,"15":11,"16":1,"17":46,"18":46,"19":8,"20":8,"21":8,"22":8,"23":8,"24":8,"25":38,"26":38,"27":38,"28":38,"29":38,"30":80,"31":80,"32":80,"33":80,"34":80,"35":80,"36":80,"37":80,"38":80,"39":80,"40":80,"41":80,"42":80,"43":80,"44":80,"45":42,"46":42,"47":42,"48":80,"49":80,"50":80,"51":80,"52":80,"53":80,"54":80,"55":80,"56":80,"57":80,"58":80,"59":80,"60":80,"61":80,"62":80,"63":80,"64":80,"65":80,"66":38,"67":38,"68":38,"69":38,"70":38,"71":1,"72":1},"branchMap":{"0":{"type":"branch","line":1,"loc":{"start":{"line":1,"column":0},"end":{"line":8,"column":1}},"locations":[{"start":{"line":1,"column":0},"end":{"line":8,"column":1}}]},"1":{"type":"branch","line":10,"loc":{"start":{"line":10,"column":0},"end":{"line":16,"column":1}},"locations":[{"start":{"line":10,"column":0},"end":{"line":16,"column":1}}]},"2":{"type":"branch","line":13,"loc":{"start":{"line":13,"column":19},"end":{"line":14,"column":36}},"locations":[{"start":{"line":13,"column":19},"end":{"line":14,"column":36}}]},"3":{"type":"branch","line":13,"loc":{"start":{"line":13,"column":19},"end":{"line":13,"column":36}},"locations":[{"start":{"line":13,"column":19},"end":{"line":13,"column":36}}]},"4":{"type":"branch","line":13,"loc":{"start":{"line":13,"column":33},"end":{"line":14,"column":25}},"locations":[{"start":{"line":13,"column":33},"end":{"line":14,"column":25}}]},"5":{"type":"branch","line":14,"loc":{"start":{"line":14,"column":18},"end":{"line":14,"column":36}},"locations":[{"start":{"line":14,"column":18},"end":{"line":14,"column":36}}]},"6":{"type":"branch","line":14,"loc":{"start":{"line":14,"column":33},"end":{"line":16,"column":1}},"locations":[{"start":{"line":14,"column":33},"end":{"line":16,"column":1}}]},"7":{"type":"branch","line":18,"loc":{"start":{"line":18,"column":0},"end":{"line":71,"column":1}},"locations":[{"start":{"line":18,"column":0},"end":{"line":71,"column":1}}]},"8":{"type":"branch","line":19,"loc":{"start":{"line":19,"column":7},"end":{"line":19,"column":42}},"locations":[{"start":{"line":19,"column":7},"end":{"line":19,"column":42}}]},"9":{"type":"branch","line":19,"loc":{"start":{"line":19,"column":42},"end":{"line":25,"column":3}},"locations":[{"start":{"line":19,"column":42},"end":{"line":25,"column":3}}]},"10":{"type":"branch","line":25,"loc":{"start":{"line":25,"column":2},"end":{"line":71,"column":1}},"locations":[{"start":{"line":25,"column":2},"end":{"line":71,"column":1}}]},"11":{"type":"branch","line":30,"loc":{"start":{"line":30,"column":22},"end":{"line":66,"column":15}},"locations":[{"start":{"line":30,"column":22},"end":{"line":66,"column":15}}]},"12":{"type":"branch","line":45,"loc":{"start":{"line":45,"column":25},"end":{"line":48,"column":22}},"locations":[{"start":{"line":45,"column":25},"end":{"line":48,"column":22}}]},"13":{"type":"branch","line":53,"loc":{"start":{"line":53,"column":27},"end":{"line":53,"column":49}},"locations":[{"start":{"line":53,"column":27},"end":{"line":53,"column":49}}]},"14":{"type":"branch","line":59,"loc":{"start":{"line":59,"column":27},"end":{"line":59,"column":51}},"locations":[{"start":{"line":59,"column":27},"end":{"line":59,"column":51}}]}},"b":{"0":[80],"1":[80],"2":[58],"3":[35],"4":[45],"5":[34],"6":[11],"7":[46],"8":[45],"9":[8],"10":[38],"11":[80],"12":[42],"13":[2],"14":[2]},"fnMap":{"0":{"name":"formatDate","decl":{"start":{"line":1,"column":0},"end":{"line":8,"column":1}},"loc":{"start":{"line":1,"column":0},"end":{"line":8,"column":1}},"line":1},"1":{"name":"formatDuration","decl":{"start":{"line":10,"column":0},"end":{"line":16,"column":1}},"loc":{"start":{"line":10,"column":0},"end":{"line":16,"column":1}},"line":10},"2":{"name":"SessionList","decl":{"start":{"line":18,"column":0},"end":{"line":71,"column":1}},"loc":{"start":{"line":18,"column":0},"end":{"line":71,"column":1}},"line":18},"3":{"name":"onClick","decl":{"start":{"line":53,"column":27},"end":{"line":53,"column":49}},"loc":{"start":{"line":53,"column":27},"end":{"line":53,"column":49}},"line":53},"4":{"name":"onClick","decl":{"start":{"line":59,"column":27},"end":{"line":59,"column":51}},"loc":{"start":{"line":59,"column":27},"end":{"line":59,"column":51}},"line":59}},"f":{"0":80,"1":80,"2":46,"3":2,"4":2}}
,"C:\\Users\\PC ENTER\\Desktop\\Master Burch\\IT 502 - AI-Driven Software Engineering\\Project\\frontend\\src\\components\\StatsPanel.jsx": {"path":"C:\\Users\\PC ENTER\\Desktop\\Master Burch\\IT 502 - AI-Driven Software Engineering\\Project\\frontend\\src\\components\\StatsPanel.jsx","all":false,"statementMap":{"0":{"start":{"line":1,"column":0},"end":{"line":1,"column":32}},"1":{"start":{"line":2,"column":0},"end":{"line":2,"column":15}},"2":{"start":{"line":3,"column":0},"end":{"line":3,"column":12}},"3":{"start":{"line":4,"column":0},"end":{"line":4,"column":54}},"4":{"start":{"line":5,"column":0},"end":{"line":5,"column":76}},"5":{"start":{"line":6,"column":0},"end":{"line":6,"column":12}},"6":{"start":{"line":7,"column":0},"end":{"line":7,"column":5}},"7":{"start":{"line":8,"column":0},"end":{"line":8,"column":3}},"8":{"start":{"line":9,"column":0},"end":{"line":9,"column":0}},"9":{"start":{"line":10,"column":0},"end":{"line":10,"column":10}},"10":{"start":{"line":11,"column":0},"end":{"line":11,"column":31}},"11":{"start":{"line":12,"column":0},"end":{"line":12,"column":54}},"12":{"start":{"line":13,"column":0},"end":{"line":13,"column":76}},"13":{"start":{"line":14,"column":0},"end":{"line":14,"column":48}},"14":{"start":{"line":15,"column":0},"end":{"line":15,"column":15}},"15":{"start":{"line":16,"column":0},"end":{"line":16,"column":90}},"16":{"start":{"line":17,"column":0},"end":{"line":17,"column":67}},"17":{"start":{"line":18,"column":0},"end":{"line":18,"column":16}},"18":{"start":{"line":19,"column":0},"end":{"line":19,"column":15}},"19":{"start":{"line":20,"column":0},"end":{"line":20,"column":88}},"20":{"start":{"line":21,"column":0},"end":{"line":21,"column":64}},"21":{"start":{"line":22,"column":0},"end":{"line":22,"column":16}},"22":{"start":{"line":23,"column":0},"end":{"line":23,"column":15}},"23":{"start":{"line":24,"column":0},"end":{"line":24,"column":94}},"24":{"start":{"line":25,"column":0},"end":{"line":25,"column":62}},"25":{"start":{"line":26,"column":0},"end":{"line":26,"column":16}},"26":{"start":{"line":27,"column":0},"end":{"line":27,"column":15}},"27":{"start":{"line":28,"column":0},"end":{"line":28,"column":90}},"28":{"start":{"line":29,"column":0},"end":{"line":29,"column":63}},"29":{"start":{"line":30,"column":0},"end":{"line":30,"column":16}},"30":{"start":{"line":31,"column":0},"end":{"line":31,"column":14}},"31":{"start":{"line":32,"column":0},"end":{"line":32,"column":12}},"32":{"start":{"line":33,"column":0},"end":{"line":33,"column":0}},"33":{"start":{"line":34,"column":0},"end":{"line":34,"column":77}},"34":{"start":{"line":35,"column":0},"end":{"line":35,"column":56}},"35":{"start":{"line":36,"column":0},"end":{"line":36,"column":80}},"36":{"start":{"line":37,"column":0},"end":{"line":37,"column":37}},"37":{"start":{"line":38,"column":0},"end":{"line":38,"column":57}},"38":{"start":{"line":39,"column":0},"end":{"line":39,"column":87}},"39":{"start":{"line":40,"column":0},"end":{"line":40,"column":80}},"40":{"start":{"line":41,"column":0},"end":{"line":41,"column":44}},"41":{"start":{"line":42,"column":0},"end":{"line":42,"column":70}},"42":{"start":{"line":43,"column":0},"end":{"line":43,"column":53}},"43":{"start":{"line":44,"column":0},"end":{"line":44,"column":25}},"44":{"start":{"line":45,"column":0},"end":{"line":45,"column":63}},"45":{"start":{"line":46,"column":0},"end":{"line":46,"column":73}},"46":{"start":{"line":47,"column":0},"end":{"line":47,"column":25}},"47":{"start":{"line":48,"column":0},"end":{"line":48,"column":22}},"48":{"start":{"line":49,"column":0},"end":{"line":49,"column":20}},"49":{"start":{"line":50,"column":0},"end":{"line":50,"column":15}},"50":{"start":{"line":51,"column":0},"end":{"line":51,"column":16}},"51":{"start":{"line":52,"column":0},"end":{"line":52,"column":14}},"52":{"start":{"line":53,"column":0},"end":{"line":53,"column":8}},"53":{"start":{"line":54,"column":0},"end":{"line":54,"column":10}},"54":{"start":{"line":55,"column":0},"end":{"line":55,"column":3}},"55":{"start":{"line":56,"column":0},"end":{"line":56,"column":1}},"56":{"start":{"line":57,"column":0},"end":{"line":57,"column":0}},"57":{"start":{"line":58,"column":0},"end":{"line":58,"column":25}}},"s":{"0":42,"1":42,"2":2,"3":2,"4":2,"5":2,"6":2,"7":2,"8":40,"9":40,"10":40,"11":40,"12":40,"13":40,"14":40,"15":40,"16":40,"17":40,"18":40,"19":40,"20":40,"21":40,"22":40,"23":40,"24":40,"25":40,"26":40,"27":40,"28":40,"29":40,"30":40,"31":40,"32":40,"33":41,"34":32,"35":32,"36":32,"37":32,"38":74,"39":74,"40":74,"41":74,"42":74,"43":74,"44":74,"45":74,"46":74,"47":74,"48":74,"49":32,"50":32,"51":32,"52":42,"53":42,"54":42,"55":42,"56":1,"57":1},"branchMap":{"0":{"type":"branch","line":1,"loc":{"start":{"line":1,"column":0},"end":{"line":56,"column":1}},"locations":[{"start":{"line":1,"column":0},"end":{"line":56,"column":1}}]},"1":{"type":"branch","line":2,"loc":{"start":{"line":2,"column":14},"end":{"line":8,"column":3}},"locations":[{"start":{"line":2,"column":14},"end":{"line":8,"column":3}}]},"2":{"type":"branch","line":8,"loc":{"start":{"line":8,"column":2},"end":{"line":34,"column":77}},"locations":[{"start":{"line":8,"column":2},"end":{"line":34,"column":77}}]},"3":{"type":"branch","line":8,"loc":{"start":{"line":8,"column":2},"end":{"line":34,"column":36}},"locations":[{"start":{"line":8,"column":2},"end":{"line":34,"column":36}}]},"4":{"type":"branch","line":34,"loc":{"start":{"line":34,"column":13},"end":{"line":34,"column":77}},"locations":[{"start":{"line":34,"column":13},"end":{"line":34,"column":77}}]},"5":{"type":"branch","line":34,"loc":{"start":{"line":34,"column":71},"end":{"line":52,"column":14}},"locations":[{"start":{"line":34,"column":71},"end":{"line":52,"column":14}}]},"6":{"type":"branch","line":38,"loc":{"start":{"line":38,"column":43},"end":{"line":49,"column":20}},"locations":[{"start":{"line":38,"column":43},"end":{"line":49,"column":20}}]}},"b":{"0":[42],"1":[2],"2":[41],"3":[40],"4":[34],"5":[32],"6":[74]},"fnMap":{"0":{"name":"StatsPanel","decl":{"start":{"line":1,"column":0},"end":{"line":56,"column":1}},"loc":{"start":{"line":1,"column":0},"end":{"line":56,"column":1}},"line":1}},"f":{"0":42}}
,"C:\\Users\\PC ENTER\\Desktop\\Master Burch\\IT 502 - AI-Driven Software Engineering\\Project\\frontend\\src\\context\\UserContext.jsx": {"path":"C:\\Users\\PC ENTER\\Desktop\\Master Burch\\IT 502 - AI-Driven Software Engineering\\Project\\frontend\\src\\context\\UserContext.jsx","all":false,"statementMap":{"0":{"start":{"line":1,"column":0},"end":{"line":1,"column":70}},"1":{"start":{"line":2,"column":0},"end":{"line":2,"column":0}},"2":{"start":{"line":3,"column":0},"end":{"line":3,"column":39}},"3":{"start":{"line":4,"column":0},"end":{"line":4,"column":0}},"4":{"start":{"line":5,"column":0},"end":{"line":5,"column":40}},"5":{"start":{"line":6,"column":0},"end":{"line":6,"column":0}},"6":{"start":{"line":7,"column":0},"end":{"line":7,"column":44}},"7":{"start":{"line":8,"column":0},"end":{"line":8,"column":40}},"8":{"start":{"line":9,"column":0},"end":{"line":9,"column":46}},"9":{"start":{"line":10,"column":0},"end":{"line":10,"column":0}},"10":{"start":{"line":11,"column":0},"end":{"line":11,"column":19}},"11":{"start":{"line":12,"column":0},"end":{"line":12,"column":52}},"12":{"start":{"line":13,"column":0},"end":{"line":13,"column":17}},"13":{"start":{"line":14,"column":0},"end":{"line":14,"column":11}},"14":{"start":{"line":15,"column":0},"end":{"line":15,"column":35}},"15":{"start":{"line":16,"column":0},"end":{"line":16,"column":15}},"16":{"start":{"line":17,"column":0},"end":{"line":17,"column":44}},"17":{"start":{"line":18,"column":0},"end":{"line":18,"column":7}},"18":{"start":{"line":19,"column":0},"end":{"line":19,"column":5}},"19":{"start":{"line":20,"column":0},"end":{"line":20,"column":21}},"20":{"start":{"line":21,"column":0},"end":{"line":21,"column":8}},"21":{"start":{"line":22,"column":0},"end":{"line":22,"column":0}},"22":{"start":{"line":23,"column":0},"end":{"line":23,"column":31}},"23":{"start":{"line":24,"column":0},"end":{"line":24,"column":21}},"24":{"start":{"line":25,"column":0},"end":{"line":25,"column":63}},"25":{"start":{"line":26,"column":0},"end":{"line":26,"column":3}},"26":{"start":{"line":27,"column":0},"end":{"line":27,"column":0}},"27":{"start":{"line":28,"column":0},"end":{"line":28,"column":24}},"28":{"start":{"line":29,"column":0},"end":{"line":29,"column":17}},"29":{"start":{"line":30,"column":0},"end":{"line":30,"column":40}},"30":{"start":{"line":31,"column":0},"end":{"line":31,"column":3}},"31":{"start":{"line":32,"column":0},"end":{"line":32,"column":0}},"32":{"start":{"line":33,"column":0},"end":{"line":33,"column":10}},"33":{"start":{"line":34,"column":0},"end":{"line":34,"column":67}},"34":{"start":{"line":35,"column":0},"end":{"line":35,"column":16}},"35":{"start":{"line":36,"column":0},"end":{"line":36,"column":27}},"36":{"start":{"line":37,"column":0},"end":{"line":37,"column":3}},"37":{"start":{"line":38,"column":0},"end":{"line":38,"column":1}},"38":{"start":{"line":39,"column":0},"end":{"line":39,"column":0}},"39":{"start":{"line":40,"column":0},"end":{"line":40,"column":27}},"40":{"start":{"line":41,"column":0},"end":{"line":41,"column":41}},"41":{"start":{"line":42,"column":0},"end":{"line":42,"column":17}},"42":{"start":{"line":43,"column":0},"end":{"line":43,"column":65}},"43":{"start":{"line":44,"column":0},"end":{"line":44,"column":3}},"44":{"start":{"line":45,"column":0},"end":{"line":45,"column":16}},"45":{"start":{"line":46,"column":0},"end":{"line":46,"column":1}}},"s":{"0":1,"1":1,"2":1,"3":1,"4":1,"5":1,"6":1,"7":159,"8":159,"9":159,"10":159,"11":75,"12":75,"13":43,"14":43,"15":43,"16":2,"17":2,"18":43,"19":75,"20":159,"21":159,"22":159,"23":5,"24":5,"25":5,"26":159,"27":159,"28":1,"29":1,"30":1,"31":159,"32":159,"33":159,"34":159,"35":159,"36":159,"37":159,"38":1,"39":1,"40":487,"41":487,"42":4,"43":4,"44":480,"45":480},"branchMap":{"0":{"type":"branch","line":7,"loc":{"start":{"line":7,"column":7},"end":{"line":38,"column":1}},"locations":[{"start":{"line":7,"column":7},"end":{"line":38,"column":1}}]},"1":{"type":"branch","line":11,"loc":{"start":{"line":11,"column":12},"end":{"line":21,"column":5}},"locations":[{"start":{"line":11,"column":12},"end":{"line":21,"column":5}}]},"2":{"type":"branch","line":13,"loc":{"start":{"line":13,"column":16},"end":{"line":19,"column":5}},"locations":[{"start":{"line":13,"column":16},"end":{"line":19,"column":5}}]},"3":{"type":"branch","line":16,"loc":{"start":{"line":16,"column":6},"end":{"line":18,"column":7}},"locations":[{"start":{"line":16,"column":6},"end":{"line":18,"column":7}}]},"4":{"type":"branch","line":23,"loc":{"start":{"line":23,"column":16},"end":{"line":26,"column":3}},"locations":[{"start":{"line":23,"column":16},"end":{"line":26,"column":3}}]},"5":{"type":"branch","line":28,"loc":{"start":{"line":28,"column":17},"end":{"line":31,"column":3}},"locations":[{"start":{"line":28,"column":17},"end":{"line":31,"column":3}}]},"6":{"type":"branch","line":40,"loc":{"start":{"line":40,"column":7},"end":{"line":46,"column":1}},"locations":[{"start":{"line":40,"column":7},"end":{"line":46,"column":1}}]},"7":{"type":"branch","line":42,"loc":{"start":{"line":42,"column":16},"end":{"line":44,"column":3}},"locations":[{"start":{"line":42,"column":16},"end":{"line":44,"column":3}}]},"8":{"type":"branch","line":44,"loc":{"start":{"line":44,"column":2},"end":{"line":46,"column":1}},"locations":[{"start":{"line":44,"column":2},"end":{"line":46,"column":1}}]}},"b":{"0":[159],"1":[75],"2":[43],"3":[2],"4":[5],"5":[1],"6":[487],"7":[4],"8":[480]},"fnMap":{"0":{"name":"UserProvider","decl":{"start":{"line":7,"column":7},"end":{"line":38,"column":1}},"loc":{"start":{"line":7,"column":7},"end":{"line":38,"column":1}},"line":7},"1":{"name":"login","decl":{"start":{"line":23,"column":16},"end":{"line":26,"column":3}},"loc":{"start":{"line":23,"column":16},"end":{"line":26,"column":3}},"line":23},"2":{"name":"logout","decl":{"start":{"line":28,"column":17},"end":{"line":31,"column":3}},"loc":{"start":{"line":28,"column":17},"end":{"line":31,"column":3}},"line":28},"3":{"name":"useUser","decl":{"start":{"line":40,"column":7},"end":{"line":46,"column":1}},"loc":{"start":{"line":40,"column":7},"end":{"line":46,"column":1}},"line":40}},"f":{"0":159,"1":5,"2":1,"3":487}}
,"C:\\Users\\PC ENTER\\Desktop\\Master Burch\\IT 502 - AI-Driven Software Engineering\\Project\\frontend\\src\\hooks\\useSessions.js": {"path":"C:\\Users\\PC ENTER\\Desktop\\Master Burch\\IT 502 - AI-Driven Software Engineering\\Project\\frontend\\src\\hooks\\useSessions.js","all":false,"statementMap":{"0":{"start":{"line":1,"column":0},"end":{"line":1,"column":79}},"1":{"start":{"line":2,"column":0},"end":{"line":2,"column":42}},"2":{"start":{"line":3,"column":0},"end":{"line":3,"column":54}},"3":{"start":{"line":4,"column":0},"end":{"line":4,"column":0}},"4":{"start":{"line":5,"column":0},"end":{"line":5,"column":31}},"5":{"start":{"line":6,"column":0},"end":{"line":6,"column":28}},"6":{"start":{"line":7,"column":0},"end":{"line":7,"column":46}},"7":{"start":{"line":8,"column":0},"end":{"line":8,"column":42}},"8":{"start":{"line":9,"column":0},"end":{"line":9,"column":46}},"9":{"start":{"line":10,"column":0},"end":{"line":10,"column":42}},"10":{"start":{"line":11,"column":0},"end":{"line":11,"column":0}},"11":{"start":{"line":12,"column":0},"end":{"line":12,"column":45}},"12":{"start":{"line":13,"column":0},"end":{"line":13,"column":21}},"13":{"start":{"line":14,"column":0},"end":{"line":14,"column":0}},"14":{"start":{"line":15,"column":0},"end":{"line":15,"column":20}},"15":{"start":{"line":16,"column":0},"end":{"line":16,"column":18}},"16":{"start":{"line":17,"column":0},"end":{"line":17,"column":0}},"17":{"start":{"line":18,"column":0},"end":{"line":18,"column":9}},"18":{"start":{"line":19,"column":0},"end":{"line":19,"column":59}},"19":{"start":{"line":20,"column":0},"end":{"line":20,"column":37}},"20":{"start":{"line":21,"column":0},"end":{"line":21,"column":34}},"21":{"start":{"line":22,"column":0},"end":{"line":22,"column":8}},"22":{"start":{"line":23,"column":0},"end":{"line":23,"column":31}},"23":{"start":{"line":24,"column":0},"end":{"line":24,"column":25}},"24":{"start":{"line":25,"column":0},"end":{"line":25,"column":19}},"25":{"start":{"line":26,"column":0},"end":{"line":26,"column":27}},"26":{"start":{"line":27,"column":0},"end":{"line":27,"column":15}},"27":{"start":{"line":28,"column":0},"end":{"line":28,"column":23}},"28":{"start":{"line":29,"column":0},"end":{"line":29,"column":5}},"29":{"start":{"line":30,"column":0},"end":{"line":30,"column":12}},"30":{"start":{"line":31,"column":0},"end":{"line":31,"column":0}},"31":{"start":{"line":32,"column":0},"end":{"line":32,"column":19}},"32":{"start":{"line":33,"column":0},"end":{"line":33,"column":15}},"33":{"start":{"line":34,"column":0},"end":{"line":34,"column":17}},"34":{"start":{"line":35,"column":0},"end":{"line":35,"column":0}},"35":{"start":{"line":36,"column":0},"end":{"line":36,"column":48}},"36":{"start":{"line":37,"column":0},"end":{"line":37,"column":68}},"37":{"start":{"line":38,"column":0},"end":{"line":38,"column":48}},"38":{"start":{"line":39,"column":0},"end":{"line":39,"column":21}},"39":{"start":{"line":40,"column":0},"end":{"line":40,"column":21}},"40":{"start":{"line":41,"column":0},"end":{"line":41,"column":3}},"41":{"start":{"line":42,"column":0},"end":{"line":42,"column":0}},"42":{"start":{"line":43,"column":0},"end":{"line":43,"column":59}},"43":{"start":{"line":44,"column":0},"end":{"line":44,"column":42}},"44":{"start":{"line":45,"column":0},"end":{"line":45,"column":0}},"45":{"start":{"line":46,"column":0},"end":{"line":46,"column":25}},"46":{"start":{"line":47,"column":0},"end":{"line":47,"column":74}},"47":{"start":{"line":48,"column":0},"end":{"line":48,"column":5}},"48":{"start":{"line":49,"column":0},"end":{"line":49,"column":0}},"49":{"start":{"line":50,"column":0},"end":{"line":50,"column":9}},"50":{"start":{"line":51,"column":0},"end":{"line":51,"column":69}},"51":{"start":{"line":52,"column":0},"end":{"line":52,"column":27}},"52":{"start":{"line":53,"column":0},"end":{"line":53,"column":59}},"53":{"start":{"line":54,"column":0},"end":{"line":54,"column":7}},"54":{"start":{"line":55,"column":0},"end":{"line":55,"column":23}},"55":{"start":{"line":56,"column":0},"end":{"line":56,"column":20}},"56":{"start":{"line":57,"column":0},"end":{"line":57,"column":19}},"57":{"start":{"line":58,"column":0},"end":{"line":58,"column":35}},"58":{"start":{"line":59,"column":0},"end":{"line":59,"column":15}},"59":{"start":{"line":60,"column":0},"end":{"line":60,"column":5}},"60":{"start":{"line":61,"column":0},"end":{"line":61,"column":3}},"61":{"start":{"line":62,"column":0},"end":{"line":62,"column":0}},"62":{"start":{"line":63,"column":0},"end":{"line":63,"column":46}},"63":{"start":{"line":64,"column":0},"end":{"line":64,"column":42}},"64":{"start":{"line":65,"column":0},"end":{"line":65,"column":0}},"65":{"start":{"line":66,"column":0},"end":{"line":66,"column":65}},"66":{"start":{"line":67,"column":0},"end":{"line":67,"column":0}},"67":{"start":{"line":68,"column":0},"end":{"line":68,"column":9}},"68":{"start":{"line":69,"column":0},"end":{"line":69,"column":40}},"69":{"start":{"line":70,"column":0},"end":{"line":70,"column":23}},"70":{"start":{"line":71,"column":0},"end":{"line":71,"column":19}},"71":{"start":{"line":72,"column":0},"end":{"line":72,"column":35}},"72":{"start":{"line":73,"column":0},"end":{"line":73,"column":15}},"73":{"start":{"line":74,"column":0},"end":{"line":74,"column":5}},"74":{"start":{"line":75,"column":0},"end":{"line":75,"column":3}},"75":{"start":{"line":76,"column":0},"end":{"line":76,"column":0}},"76":{"start":{"line":77,"column":0},"end":{"line":77,"column":10}},"77":{"start":{"line":78,"column":0},"end":{"line":78,"column":13}},"78":{"start":{"line":79,"column":0},"end":{"line":79,"column":10}},"79":{"start":{"line":80,"column":0},"end":{"line":80,"column":12}},"80":{"start":{"line":81,"column":0},"end":{"line":81,"column":10}},"81":{"start":{"line":82,"column":0},"end":{"line":82,"column":18}},"82":{"start":{"line":83,"column":0},"end":{"line":83,"column":18}},"83":{"start":{"line":84,"column":0},"end":{"line":84,"column":18}},"84":{"start":{"line":85,"column":0},"end":{"line":85,"column":23}},"85":{"start":{"line":86,"column":0},"end":{"line":86,"column":3}},"86":{"start":{"line":87,"column":0},"end":{"line":87,"column":1}}},"s":{"0":1,"1":1,"2":1,"3":1,"4":1,"5":164,"6":164,"7":164,"8":164,"9":164,"10":164,"11":164,"12":83,"13":48,"14":48,"15":48,"16":48,"17":48,"18":48,"19":48,"20":48,"21":48,"22":44,"23":44,"24":83,"25":3,"26":83,"27":47,"28":47,"29":164,"30":164,"31":164,"32":74,"33":164,"34":164,"35":164,"36":5,"37":4,"38":4,"39":4,"40":5,"41":164,"42":164,"43":3,"44":3,"45":3,"46":3,"47":3,"48":3,"49":3,"50":3,"51":2,"52":1,"53":2,"54":2,"55":2,"56":3,"57":1,"58":1,"59":1,"60":3,"61":164,"62":164,"63":3,"64":3,"65":3,"66":3,"67":3,"68":3,"69":2,"70":3,"71":1,"72":1,"73":1,"74":3,"75":164,"76":164,"77":164,"78":164,"79":164,"80":164,"81":164,"82":164,"83":164,"84":164,"85":164,"86":164},"branchMap":{"0":{"type":"branch","line":5,"loc":{"start":{"line":5,"column":7},"end":{"line":87,"column":1}},"locations":[{"start":{"line":5,"column":7},"end":{"line":87,"column":1}}]},"1":{"type":"branch","line":12,"loc":{"start":{"line":12,"column":32},"end":{"line":30,"column":3}},"locations":[{"start":{"line":12,"column":32},"end":{"line":30,"column":3}}]},"2":{"type":"branch","line":13,"loc":{"start":{"line":13,"column":15},"end":{"line":13,"column":21}},"locations":[{"start":{"line":13,"column":15},"end":{"line":13,"column":21}}]},"3":{"type":"branch","line":13,"loc":{"start":{"line":13,"column":15},"end":{"line":22,"column":8}},"locations":[{"start":{"line":13,"column":15},"end":{"line":22,"column":8}}]},"4":{"type":"branch","line":22,"loc":{"start":{"line":22,"column":7},"end":{"line":25,"column":6}},"locations":[{"start":{"line":22,"column":7},"end":{"line":25,"column":6}}]},"5":{"type":"branch","line":25,"loc":{"start":{"line":25,"column":6},"end":{"line":27,"column":5}},"locations":[{"start":{"line":25,"column":6},"end":{"line":27,"column":5}}]},"6":{"type":"branch","line":27,"loc":{"start":{"line":27,"column":5},"end":{"line":29,"column":5}},"locations":[{"start":{"line":27,"column":5},"end":{"line":29,"column":5}}]},"7":{"type":"branch","line":32,"loc":{"start":{"line":32,"column":12},"end":{"line":34,"column":3}},"locations":[{"start":{"line":32,"column":12},"end":{"line":34,"column":3}}]},"8":{"type":"branch","line":36,"loc":{"start":{"line":36,"column":24},"end":{"line":41,"column":3}},"locations":[{"start":{"line":36,"column":24},"end":{"line":41,"column":3}}]},"9":{"type":"branch","line":37,"loc":{"start":{"line":37,"column":67},"end":{"line":41,"column":2}},"locations":[{"start":{"line":37,"column":67},"end":{"line":41,"column":2}}]},"10":{"type":"branch","line":38,"loc":{"start":{"line":38,"column":16},"end":{"line":38,"column":47}},"locations":[{"start":{"line":38,"column":16},"end":{"line":38,"column":47}}]},"11":{"type":"branch","line":43,"loc":{"start":{"line":43,"column":24},"end":{"line":61,"column":3}},"locations":[{"start":{"line":43,"column":24},"end":{"line":61,"column":3}}]},"12":{"type":"branch","line":51,"loc":{"start":{"line":51,"column":68},"end":{"line":57,"column":6}},"locations":[{"start":{"line":51,"column":68},"end":{"line":57,"column":6}}]},"13":{"type":"branch","line":57,"loc":{"start":{"line":57,"column":6},"end":{"line":60,"column":5}},"locations":[{"start":{"line":57,"column":6},"end":{"line":60,"column":5}}]},"14":{"type":"branch","line":46,"loc":{"start":{"line":46,"column":16},"end":{"line":47,"column":74}},"locations":[{"start":{"line":46,"column":16},"end":{"line":47,"column":74}}]},"15":{"type":"branch","line":47,"loc":{"start":{"line":47,"column":15},"end":{"line":47,"column":73}},"locations":[{"start":{"line":47,"column":15},"end":{"line":47,"column":73}}]},"16":{"type":"branch","line":47,"loc":{"start":{"line":47,"column":42},"end":{"line":47,"column":68}},"locations":[{"start":{"line":47,"column":42},"end":{"line":47,"column":68}}]},"17":{"type":"branch","line":47,"loc":{"start":{"line":47,"column":69},"end":{"line":47,"column":72}},"locations":[{"start":{"line":47,"column":69},"end":{"line":47,"column":72}}]},"18":{"type":"branch","line":52,"loc":{"start":{"line":52,"column":18},"end":{"line":53,"column":59}},"locations":[{"start":{"line":52,"column":18},"end":{"line":53,"column":59}}]},"19":{"type":"branch","line":53,"loc":{"start":{"line":53,"column":17},"end":{"line":53,"column":58}},"locations":[{"start":{"line":53,"column":17},"end":{"line":53,"column":58}}]},"20":{"type":"branch","line":53,"loc":{"start":{"line":53,"column":44},"end":{"line":53,"column":53}},"locations":[{"start":{"line":53,"column":44},"end":{"line":53,"column":53}}]},"21":{"type":"branch","line":53,"loc":{"start":{"line":53,"column":54},"end":{"line":53,"column":57}},"locations":[{"start":{"line":53,"column":54},"end":{"line":53,"column":57}}]},"22":{"type":"branch","line":63,"loc":{"start":{"line":63,"column":24},"end":{"line":75,"column":3}},"locations":[{"start":{"line":63,"column":24},"end":{"line":75,"column":3}}]},"23":{"type":"branch","line":69,"loc":{"start":{"line":69,"column":39},"end":{"line":71,"column":6}},"locations":[{"start":{"line":69,"column":39},"end":{"line":71,"column":6}}]},"24":{"type":"branch","line":71,"loc":{"start":{"line":71,"column":6},"end":{"line":74,"column":5}},"locations":[{"start":{"line":71,"column":6},"end":{"line":74,"column":5}}]},"25":{"type":"branch","line":66,"loc":{"start":{"line":66,"column":16},"end":{"line":66,"column":64}},"locations":[{"start":{"line":66,"column":16},"end":{"line":66,"column":64}}]},"26":{"type":"branch","line":66,"loc":{"start":{"line":66,"column":38},"end":{"line":66,"column":63}},"locations":[{"start":{"line":66,"column":38},"end":{"line":66,"column":63}}]}},"b":{"0":[164],"1":[83],"2":[35],"3":[48],"4":[44],"5":[3],"6":[47],"7":[74],"8":[5],"9":[4],"10":[4],"11":[3],"12":[2],"13":[1],"14":[3],"15":[6],"16":[3],"17":[3],"18":[1],"19":[2],"20":[1],"21":[1],"22":[3],"23":[2],"24":[1],"25":[3],"26":[6]},"fnMap":{"0":{"name":"useSessions","decl":{"start":{"line":5,"column":7},"end":{"line":87,"column":1}},"loc":{"start":{"line":5,"column":7},"end":{"line":87,"column":1}},"line":5},"1":{"name":"createSession","decl":{"start":{"line":36,"column":24},"end":{"line":41,"column":3}},"loc":{"start":{"line":36,"column":24},"end":{"line":41,"column":3}},"line":36},"2":{"name":"updateSession","decl":{"start":{"line":43,"column":24},"end":{"line":61,"column":3}},"loc":{"start":{"line":43,"column":24},"end":{"line":61,"column":3}},"line":43},"3":{"name":"deleteSession","decl":{"start":{"line":63,"column":24},"end":{"line":75,"column":3}},"loc":{"start":{"line":63,"column":24},"end":{"line":75,"column":3}},"line":63}},"f":{"0":164,"1":5,"2":3,"3":3}}
,"C:\\Users\\PC ENTER\\Desktop\\Master Burch\\IT 502 - AI-Driven Software Engineering\\Project\\frontend\\src\\pages\\DashboardPage.jsx": {"path":"C:\\Users\\PC ENTER\\Desktop\\Master Burch\\IT 502 - AI-Driven Software Engineering\\Project\\frontend\\src\\pages\\DashboardPage.jsx","all":false,"statementMap":{"0":{"start":{"line":1,"column":0},"end":{"line":1,"column":32}},"1":{"start":{"line":2,"column":0},"end":{"line":2,"column":48}},"2":{"start":{"line":3,"column":0},"end":{"line":3,"column":50}},"3":{"start":{"line":4,"column":0},"end":{"line":4,"column":49}},"4":{"start":{"line":5,"column":0},"end":{"line":5,"column":51}},"5":{"start":{"line":6,"column":0},"end":{"line":6,"column":51}},"6":{"start":{"line":7,"column":0},"end":{"line":7,"column":55}},"7":{"start":{"line":8,"column":0},"end":{"line":8,"column":0}},"8":{"start":{"line":9,"column":0},"end":{"line":9,"column":26}},"9":{"start":{"line":10,"column":0},"end":{"line":10,"column":36}},"10":{"start":{"line":11,"column":0},"end":{"line":11,"column":104}},"11":{"start":{"line":12,"column":0},"end":{"line":12,"column":49}},"12":{"start":{"line":13,"column":0},"end":{"line":13,"column":60}},"13":{"start":{"line":14,"column":0},"end":{"line":14,"column":62}},"14":{"start":{"line":15,"column":0},"end":{"line":15,"column":50}},"15":{"start":{"line":16,"column":0},"end":{"line":16,"column":55}},"16":{"start":{"line":17,"column":0},"end":{"line":17,"column":0}},"17":{"start":{"line":18,"column":0},"end":{"line":18,"column":47}},"18":{"start":{"line":19,"column":0},"end":{"line":19,"column":24}},"19":{"start":{"line":20,"column":0},"end":{"line":20,"column":22}},"20":{"start":{"line":21,"column":0},"end":{"line":21,"column":9}},"21":{"start":{"line":22,"column":0},"end":{"line":22,"column":31}},"22":{"start":{"line":23,"column":0},"end":{"line":23,"column":24}},"23":{"start":{"line":24,"column":0},"end":{"line":24,"column":19}},"24":{"start":{"line":25,"column":0},"end":{"line":25,"column":31}},"25":{"start":{"line":26,"column":0},"end":{"line":26,"column":15}},"26":{"start":{"line":27,"column":0},"end":{"line":27,"column":27}},"27":{"start":{"line":28,"column":0},"end":{"line":28,"column":5}},"28":{"start":{"line":29,"column":0},"end":{"line":29,"column":3}},"29":{"start":{"line":30,"column":0},"end":{"line":30,"column":0}},"30":{"start":{"line":31,"column":0},"end":{"line":31,"column":47}},"31":{"start":{"line":32,"column":0},"end":{"line":32,"column":24}},"32":{"start":{"line":33,"column":0},"end":{"line":33,"column":22}},"33":{"start":{"line":34,"column":0},"end":{"line":34,"column":9}},"34":{"start":{"line":35,"column":0},"end":{"line":35,"column":50}},"35":{"start":{"line":36,"column":0},"end":{"line":36,"column":29}},"36":{"start":{"line":37,"column":0},"end":{"line":37,"column":19}},"37":{"start":{"line":38,"column":0},"end":{"line":38,"column":31}},"38":{"start":{"line":39,"column":0},"end":{"line":39,"column":15}},"39":{"start":{"line":40,"column":0},"end":{"line":40,"column":27}},"40":{"start":{"line":41,"column":0},"end":{"line":41,"column":5}},"41":{"start":{"line":42,"column":0},"end":{"line":42,"column":3}},"42":{"start":{"line":43,"column":0},"end":{"line":43,"column":0}},"43":{"start":{"line":44,"column":0},"end":{"line":44,"column":43}},"44":{"start":{"line":45,"column":0},"end":{"line":45,"column":9}},"45":{"start":{"line":46,"column":0},"end":{"line":46,"column":45}},"46":{"start":{"line":47,"column":0},"end":{"line":47,"column":30}},"47":{"start":{"line":48,"column":0},"end":{"line":48,"column":19}},"48":{"start":{"line":49,"column":0},"end":{"line":49,"column":31}},"49":{"start":{"line":50,"column":0},"end":{"line":50,"column":5}},"50":{"start":{"line":51,"column":0},"end":{"line":51,"column":3}},"51":{"start":{"line":52,"column":0},"end":{"line":52,"column":0}},"52":{"start":{"line":53,"column":0},"end":{"line":53,"column":16}},"53":{"start":{"line":54,"column":0},"end":{"line":54,"column":12}},"54":{"start":{"line":55,"column":0},"end":{"line":55,"column":80}},"55":{"start":{"line":56,"column":0},"end":{"line":56,"column":96}},"56":{"start":{"line":57,"column":0},"end":{"line":57,"column":12}},"57":{"start":{"line":58,"column":0},"end":{"line":58,"column":5}},"58":{"start":{"line":59,"column":0},"end":{"line":59,"column":3}},"59":{"start":{"line":60,"column":0},"end":{"line":60,"column":0}},"60":{"start":{"line":61,"column":0},"end":{"line":61,"column":10}},"61":{"start":{"line":62,"column":0},"end":{"line":62,"column":45}},"62":{"start":{"line":63,"column":0},"end":{"line":63,"column":45}},"63":{"start":{"line":64,"column":0},"end":{"line":64,"column":69}},"64":{"start":{"line":65,"column":0},"end":{"line":65,"column":61}},"65":{"start":{"line":66,"column":0},"end":{"line":66,"column":90}},"66":{"start":{"line":67,"column":0},"end":{"line":67,"column":53}},"67":{"start":{"line":68,"column":0},"end":{"line":68,"column":73}},"68":{"start":{"line":69,"column":0},"end":{"line":69,"column":21}},"69":{"start":{"line":70,"column":0},"end":{"line":70,"column":32}},"70":{"start":{"line":71,"column":0},"end":{"line":71,"column":69}},"71":{"start":{"line":72,"column":0},"end":{"line":72,"column":15}},"72":{"start":{"line":73,"column":0},"end":{"line":73,"column":24}},"73":{"start":{"line":74,"column":0},"end":{"line":74,"column":23}},"74":{"start":{"line":75,"column":0},"end":{"line":75,"column":18}},"75":{"start":{"line":76,"column":0},"end":{"line":76,"column":16}},"76":{"start":{"line":77,"column":0},"end":{"line":77,"column":14}},"77":{"start":{"line":78,"column":0},"end":{"line":78,"column":15}},"78":{"start":{"line":79,"column":0},"end":{"line":79,"column":0}},"79":{"start":{"line":80,"column":0},"end":{"line":80,"column":68}},"80":{"start":{"line":81,"column":0},"end":{"line":81,"column":19}},"81":{"start":{"line":82,"column":0},"end":{"line":82,"column":57}},"82":{"start":{"line":83,"column":0},"end":{"line":83,"column":59}},"83":{"start":{"line":84,"column":0},"end":{"line":84,"column":16}},"84":{"start":{"line":85,"column":0},"end":{"line":85,"column":10}},"85":{"start":{"line":86,"column":0},"end":{"line":86,"column":0}},"86":{"start":{"line":87,"column":0},"end":{"line":87,"column":63}},"87":{"start":{"line":88,"column":0},"end":{"line":88,"column":41}},"88":{"start":{"line":89,"column":0},"end":{"line":89,"column":68}},"89":{"start":{"line":90,"column":0},"end":{"line":90,"column":82}},"90":{"start":{"line":91,"column":0},"end":{"line":91,"column":21}},"91":{"start":{"line":92,"column":0},"end":{"line":92,"column":32}},"92":{"start":{"line":93,"column":0},"end":{"line":93,"column":35}},"93":{"start":{"line":94,"column":0},"end":{"line":94,"column":36}},"94":{"start":{"line":95,"column":0},"end":{"line":95,"column":18}},"95":{"start":{"line":96,"column":0},"end":{"line":96,"column":248}},"96":{"start":{"line":97,"column":0},"end":{"line":97,"column":15}},"97":{"start":{"line":98,"column":0},"end":{"line":98,"column":27}},"98":{"start":{"line":99,"column":0},"end":{"line":99,"column":23}},"99":{"start":{"line":100,"column":0},"end":{"line":100,"column":18}},"100":{"start":{"line":101,"column":0},"end":{"line":101,"column":0}},"101":{"start":{"line":102,"column":0},"end":{"line":102,"column":24}},"102":{"start":{"line":103,"column":0},"end":{"line":103,"column":33}},"103":{"start":{"line":104,"column":0},"end":{"line":104,"column":36}},"104":{"start":{"line":105,"column":0},"end":{"line":105,"column":42}},"105":{"start":{"line":106,"column":0},"end":{"line":106,"column":34}},"106":{"start":{"line":107,"column":0},"end":{"line":107,"column":16}},"107":{"start":{"line":108,"column":0},"end":{"line":108,"column":65}},"108":{"start":{"line":109,"column":0},"end":{"line":109,"column":14}},"109":{"start":{"line":110,"column":0},"end":{"line":110,"column":16}},"110":{"start":{"line":111,"column":0},"end":{"line":111,"column":0}},"111":{"start":{"line":112,"column":0},"end":{"line":112,"column":15}},"112":{"start":{"line":113,"column":0},"end":{"line":113,"column":82}},"113":{"start":{"line":114,"column":0},"end":{"line":114,"column":40}},"114":{"start":{"line":115,"column":0},"end":{"line":115,"column":16}},"115":{"start":{"line":116,"column":0},"end":{"line":116,"column":14}},"116":{"start":{"line":117,"column":0},"end":{"line":117,"column":13}},"117":{"start":{"line":118,"column":0},"end":{"line":118,"column":0}},"118":{"start":{"line":119,"column":0},"end":{"line":119,"column":40}},"119":{"start":{"line":120,"column":0},"end":{"line":120,"column":20}},"120":{"start":{"line":121,"column":0},"end":{"line":121,"column":34}},"121":{"start":{"line":122,"column":0},"end":{"line":122,"column":79}},"122":{"start":{"line":123,"column":0},"end":{"line":123,"column":27}},"123":{"start":{"line":124,"column":0},"end":{"line":124,"column":30}},"124":{"start":{"line":125,"column":0},"end":{"line":125,"column":35}},"125":{"start":{"line":126,"column":0},"end":{"line":126,"column":30}},"126":{"start":{"line":127,"column":0},"end":{"line":127,"column":12}},"127":{"start":{"line":128,"column":0},"end":{"line":128,"column":31}},"128":{"start":{"line":129,"column":0},"end":{"line":129,"column":27}},"129":{"start":{"line":130,"column":0},"end":{"line":130,"column":10}},"130":{"start":{"line":131,"column":0},"end":{"line":131,"column":8}},"131":{"start":{"line":132,"column":0},"end":{"line":132,"column":0}},"132":{"start":{"line":133,"column":0},"end":{"line":133,"column":27}},"133":{"start":{"line":134,"column":0},"end":{"line":134,"column":22}},"134":{"start":{"line":135,"column":0},"end":{"line":135,"column":32}},"135":{"start":{"line":136,"column":0},"end":{"line":136,"column":125}},"136":{"start":{"line":137,"column":0},"end":{"line":137,"column":31}},"137":{"start":{"line":138,"column":0},"end":{"line":138,"column":41}},"138":{"start":{"line":139,"column":0},"end":{"line":139,"column":51}},"139":{"start":{"line":140,"column":0},"end":{"line":140,"column":10}},"140":{"start":{"line":141,"column":0},"end":{"line":141,"column":8}},"141":{"start":{"line":142,"column":0},"end":{"line":142,"column":10}},"142":{"start":{"line":143,"column":0},"end":{"line":143,"column":3}},"143":{"start":{"line":144,"column":0},"end":{"line":144,"column":1}},"144":{"start":{"line":145,"column":0},"end":{"line":145,"column":0}},"145":{"start":{"line":146,"column":0},"end":{"line":146,"column":28}}},"s":{"0":1,"1":1,"2":1,"3":1,"4":1,"5":1,"6":1,"7":1,"8":77,"9":77,"10":77,"11":77,"12":77,"13":77,"14":77,"15":77,"16":77,"17":77,"18":2,"19":2,"20":2,"21":2,"22":1,"23":1,"24":1,"25":2,"26":2,"27":2,"28":2,"29":77,"30":77,"31":0,"32":0,"33":0,"34":0,"35":0,"36":0,"37":0,"38":0,"39":0,"40":0,"41":0,"42":77,"43":77,"44":0,"45":0,"46":0,"47":0,"48":0,"49":0,"50":0,"51":77,"52":77,"53":48,"54":48,"55":48,"56":48,"57":48,"58":48,"59":28,"60":28,"61":28,"62":28,"63":28,"64":28,"65":28,"66":28,"67":28,"68":28,"69":28,"70":28,"71":28,"72":28,"73":28,"74":28,"75":28,"76":28,"77":28,"78":28,"79":28,"80":28,"81":1,"82":1,"83":1,"84":77,"85":77,"86":77,"87":77,"88":77,"89":77,"90":77,"91":77,"92":4,"93":4,"94":4,"95":77,"96":77,"97":77,"98":77,"99":77,"100":77,"101":77,"102":77,"103":77,"104":0,"105":0,"106":0,"107":77,"108":77,"109":77,"110":77,"111":77,"112":77,"113":77,"114":77,"115":77,"116":77,"117":77,"118":77,"119":8,"120":8,"121":8,"122":8,"123":1,"124":1,"125":1,"126":1,"127":8,"128":8,"129":8,"130":77,"131":77,"132":77,"133":0,"134":0,"135":0,"136":0,"137":0,"138":0,"139":0,"140":77,"141":77,"142":77,"143":77,"144":1,"145":1},"branchMap":{"0":{"type":"branch","line":9,"loc":{"start":{"line":9,"column":0},"end":{"line":144,"column":1}},"locations":[{"start":{"line":9,"column":0},"end":{"line":144,"column":1}}]},"1":{"type":"branch","line":53,"loc":{"start":{"line":53,"column":15},"end":{"line":81,"column":19}},"locations":[{"start":{"line":53,"column":15},"end":{"line":81,"column":19}}]},"2":{"type":"branch","line":53,"loc":{"start":{"line":53,"column":15},"end":{"line":59,"column":3}},"locations":[{"start":{"line":53,"column":15},"end":{"line":59,"column":3}}]},"3":{"type":"branch","line":59,"loc":{"start":{"line":59,"column":2},"end":{"line":81,"column":19}},"locations":[{"start":{"line":59,"column":2},"end":{"line":81,"column":19}}]},"4":{"type":"branch","line":81,"loc":{"start":{"line":81,"column":9},"end":{"line":84,"column":16}},"locations":[{"start":{"line":81,"column":9},"end":{"line":84,"column":16}}]},"5":{"type":"branch","line":119,"loc":{"start":{"line":119,"column":8},"end":{"line":119,"column":40}},"locations":[{"start":{"line":119,"column":8},"end":{"line":119,"column":40}}]},"6":{"type":"branch","line":119,"loc":{"start":{"line":119,"column":20},"end":{"line":130,"column":10}},"locations":[{"start":{"line":119,"column":20},"end":{"line":130,"column":10}}]},"7":{"type":"branch","line":122,"loc":{"start":{"line":122,"column":20},"end":{"line":122,"column":59}},"locations":[{"start":{"line":122,"column":20},"end":{"line":122,"column":59}}]},"8":{"type":"branch","line":133,"loc":{"start":{"line":133,"column":7},"end":{"line":140,"column":10}},"locations":[{"start":{"line":133,"column":7},"end":{"line":140,"column":10}}]},"9":{"type":"branch","line":18,"loc":{"start":{"line":18,"column":30},"end":{"line":29,"column":3}},"locations":[{"start":{"line":18,"column":30},"end":{"line":29,"column":3}}]},"10":{"type":"branch","line":22,"loc":{"start":{"line":22,"column":30},"end":{"line":26,"column":6}},"locations":[{"start":{"line":22,"column":30},"end":{"line":26,"column":6}}]},"11":{"type":"branch","line":92,"loc":{"start":{"line":92,"column":25},"end":{"line":95,"column":18}},"locations":[{"start":{"line":92,"column":25},"end":{"line":95,"column":18}}]},"12":{"type":"branch","line":123,"loc":{"start":{"line":123,"column":20},"end":{"line":127,"column":12}},"locations":[{"start":{"line":123,"column":20},"end":{"line":127,"column":12}}]}},"b":{"0":[77],"1":[72],"2":[48],"3":[28],"4":[1],"5":[20],"6":[8],"7":[0],"8":[0],"9":[2],"10":[1],"11":[4],"12":[1]},"fnMap":{"0":{"name":"DashboardPage","decl":{"start":{"line":9,"column":0},"end":{"line":144,"column":1}},"loc":{"start":{"line":9,"column":0},"end":{"line":144,"column":1}},"line":9},"1":{"name":"handleCreateSession","decl":{"start":{"line":18,"column":30},"end":{"line":29,"column":3}},"loc":{"start":{"line":18,"column":30},"end":{"line":29,"column":3}},"line":18},"2":{"name":"handleUpdateSession","decl":{"start":{"line":31,"column":30},"end":{"line":42,"column":3}},"loc":{"start":{"line":31,"column":30},"end":{"line":42,"column":3}},"line":31},"3":{"name":"handleDeleteSession","decl":{"start":{"line":44,"column":30},"end":{"line":51,"column":3}},"loc":{"start":{"line":44,"column":30},"end":{"line":51,"column":3}},"line":44},"4":{"name":"onClick","decl":{"start":{"line":92,"column":25},"end":{"line":95,"column":18}},"loc":{"start":{"line":92,"column":25},"end":{"line":95,"column":18}},"line":92},"5":{"name":"onEdit","decl":{"start":{"line":104,"column":22},"end":{"line":107,"column":16}},"loc":{"start":{"line":104,"column":22},"end":{"line":107,"column":16}},"line":104},"6":{"name":"onDelete","decl":{"start":{"line":108,"column":24},"end":{"line":108,"column":65}},"loc":{"start":{"line":108,"column":24},"end":{"line":108,"column":65}},"line":108},"7":{"name":"onCancel","decl":{"start":{"line":123,"column":20},"end":{"line":127,"column":12}},"loc":{"start":{"line":123,"column":20},"end":{"line":127,"column":12}},"line":123},"8":{"name":"onCancel","decl":{"start":{"line":139,"column":20},"end":{"line":139,"column":51}},"loc":{"start":{"line":139,"column":20},"end":{"line":139,"column":51}},"line":139}},"f":{"0":77,"1":2,"2":0,"3":0,"4":4,"5":0,"6":0,"7":1,"8":0}}
,"C:\\Users\\PC ENTER\\Desktop\\Master Burch\\IT 502 - AI-Driven Software Engineering\\Project\\frontend\\src\\pages\\LoginPage.jsx": {"path":"C:\\Users\\PC ENTER\\Desktop\\Master Burch\\IT 502 - AI-Driven Software Engineering\\Project\\frontend\\src\\pages\\LoginPage.jsx","all":false,"statementMap":{"0":{"start":{"line":1,"column":0},"end":{"line":1,"column":32}},"1":{"start":{"line":2,"column":0},"end":{"line":2,"column":37}},"2":{"start":{"line":3,"column":0},"end":{"line":3,"column":48}},"3":{"start":{"line":4,"column":0},"end":{"line":4,"column":0}},"4":{"start":{"line":5,"column":0},"end":{"line":5,"column":22}},"5":{"start":{"line":6,"column":0},"end":{"line":6,"column":29}},"6":{"start":{"line":7,"column":0},"end":{"line":7,"column":40}},"7":{"start":{"line":8,"column":0},"end":{"line":8,"column":47}},"8":{"start":{"line":9,"column":0},"end":{"line":9,"column":42}},"9":{"start":{"line":10,"column":0},"end":{"line":10,"column":59}},"10":{"start":{"line":11,"column":0},"end":{"line":11,"column":0}},"11":{"start":{"line":12,"column":0},"end":{"line":12,"column":37}},"12":{"start":{"line":13,"column":0},"end":{"line":13,"column":22}},"13":{"start":{"line":14,"column":0},"end":{"line":14,"column":20}},"14":{"start":{"line":15,"column":0},"end":{"line":15,"column":18}},"15":{"start":{"line":16,"column":0},"end":{"line":16,"column":0}},"16":{"start":{"line":17,"column":0},"end":{"line":17,"column":9}},"17":{"start":{"line":18,"column":0},"end":{"line":18,"column":32}},"18":{"start":{"line":19,"column":0},"end":{"line":19,"column":35}},"19":{"start":{"line":20,"column":0},"end":{"line":20,"column":32}},"20":{"start":{"line":21,"column":0},"end":{"line":21,"column":17}},"21":{"start":{"line":22,"column":0},"end":{"line":22,"column":19}},"22":{"start":{"line":23,"column":0},"end":{"line":23,"column":27}},"23":{"start":{"line":24,"column":0},"end":{"line":24,"column":15}},"24":{"start":{"line":25,"column":0},"end":{"line":25,"column":23}},"25":{"start":{"line":26,"column":0},"end":{"line":26,"column":5}},"26":{"start":{"line":27,"column":0},"end":{"line":27,"column":3}},"27":{"start":{"line":28,"column":0},"end":{"line":28,"column":0}},"28":{"start":{"line":29,"column":0},"end":{"line":29,"column":10}},"29":{"start":{"line":30,"column":0},"end":{"line":30,"column":96}},"30":{"start":{"line":31,"column":0},"end":{"line":31,"column":56}},"31":{"start":{"line":32,"column":0},"end":{"line":32,"column":69}},"32":{"start":{"line":33,"column":0},"end":{"line":33,"column":31}},"33":{"start":{"line":34,"column":0},"end":{"line":34,"column":13}},"34":{"start":{"line":35,"column":0},"end":{"line":35,"column":62}},"35":{"start":{"line":36,"column":0},"end":{"line":36,"column":58}},"36":{"start":{"line":37,"column":0},"end":{"line":37,"column":12}},"37":{"start":{"line":38,"column":0},"end":{"line":38,"column":12}},"38":{"start":{"line":39,"column":0},"end":{"line":39,"column":0}},"39":{"start":{"line":40,"column":0},"end":{"line":40,"column":61}},"40":{"start":{"line":41,"column":0},"end":{"line":41,"column":74}},"41":{"start":{"line":42,"column":0},"end":{"line":42,"column":62}},"42":{"start":{"line":43,"column":0},"end":{"line":43,"column":17}},"43":{"start":{"line":44,"column":0},"end":{"line":44,"column":89}},"44":{"start":{"line":45,"column":0},"end":{"line":45,"column":29}},"45":{"start":{"line":46,"column":0},"end":{"line":46,"column":22}},"46":{"start":{"line":47,"column":0},"end":{"line":47,"column":36}},"47":{"start":{"line":48,"column":0},"end":{"line":48,"column":22}},"48":{"start":{"line":49,"column":0},"end":{"line":49,"column":28}},"49":{"start":{"line":50,"column":0},"end":{"line":50,"column":30}},"50":{"start":{"line":51,"column":0},"end":{"line":51,"column":30}},"51":{"start":{"line":52,"column":0},"end":{"line":52,"column":38}},"52":{"start":{"line":53,"column":0},"end":{"line":53,"column":26}},"53":{"start":{"line":54,"column":0},"end":{"line":54,"column":31}},"54":{"start":{"line":55,"column":0},"end":{"line":55,"column":60}},"55":{"start":{"line":56,"column":0},"end":{"line":56,"column":209}},"56":{"start":{"line":57,"column":0},"end":{"line":57,"column":48}},"57":{"start":{"line":58,"column":0},"end":{"line":58,"column":18}},"58":{"start":{"line":59,"column":0},"end":{"line":59,"column":20}},"59":{"start":{"line":60,"column":0},"end":{"line":60,"column":18}},"60":{"start":{"line":61,"column":0},"end":{"line":61,"column":0}},"61":{"start":{"line":62,"column":0},"end":{"line":62,"column":23}},"62":{"start":{"line":63,"column":0},"end":{"line":63,"column":56}},"63":{"start":{"line":64,"column":0},"end":{"line":64,"column":63}},"64":{"start":{"line":65,"column":0},"end":{"line":65,"column":20}},"65":{"start":{"line":66,"column":0},"end":{"line":66,"column":14}},"66":{"start":{"line":67,"column":0},"end":{"line":67,"column":0}},"67":{"start":{"line":68,"column":0},"end":{"line":68,"column":17}},"68":{"start":{"line":69,"column":0},"end":{"line":69,"column":21}},"69":{"start":{"line":70,"column":0},"end":{"line":70,"column":29}},"70":{"start":{"line":71,"column":0},"end":{"line":71,"column":34}},"71":{"start":{"line":72,"column":0},"end":{"line":72,"column":298}},"72":{"start":{"line":73,"column":0},"end":{"line":73,"column":15}},"73":{"start":{"line":74,"column":0},"end":{"line":74,"column":28}},"74":{"start":{"line":75,"column":0},"end":{"line":75,"column":54}},"75":{"start":{"line":76,"column":0},"end":{"line":76,"column":112}},"76":{"start":{"line":77,"column":0},"end":{"line":77,"column":123}},"77":{"start":{"line":78,"column":0},"end":{"line":78,"column":194}},"78":{"start":{"line":79,"column":0},"end":{"line":79,"column":26}},"79":{"start":{"line":80,"column":0},"end":{"line":80,"column":30}},"80":{"start":{"line":81,"column":0},"end":{"line":81,"column":25}},"81":{"start":{"line":82,"column":0},"end":{"line":82,"column":37}},"82":{"start":{"line":83,"column":0},"end":{"line":83,"column":34}},"83":{"start":{"line":84,"column":0},"end":{"line":84,"column":21}},"84":{"start":{"line":85,"column":0},"end":{"line":85,"column":27}},"85":{"start":{"line":86,"column":0},"end":{"line":86,"column":18}},"86":{"start":{"line":87,"column":0},"end":{"line":87,"column":23}},"87":{"start":{"line":88,"column":0},"end":{"line":88,"column":18}},"88":{"start":{"line":89,"column":0},"end":{"line":89,"column":17}},"89":{"start":{"line":90,"column":0},"end":{"line":90,"column":0}},"90":{"start":{"line":91,"column":0},"end":{"line":91,"column":32}},"91":{"start":{"line":92,"column":0},"end":{"line":92,"column":38}},"92":{"start":{"line":93,"column":0},"end":{"line":93,"column":66}},"93":{"start":{"line":94,"column":0},"end":{"line":94,"column":67}},"94":{"start":{"line":95,"column":0},"end":{"line":95,"column":20}},"95":{"start":{"line":96,"column":0},"end":{"line":96,"column":68}},"96":{"start":{"line":97,"column":0},"end":{"line":97,"column":62}},"97":{"start":{"line":98,"column":0},"end":{"line":98,"column":89}},"98":{"start":{"line":99,"column":0},"end":{"line":99,"column":23}},"99":{"start":{"line":100,"column":0},"end":{"line":100,"column":20}},"100":{"start":{"line":101,"column":0},"end":{"line":101,"column":18}},"101":{"start":{"line":102,"column":0},"end":{"line":102,"column":0}},"102":{"start":{"line":103,"column":0},"end":{"line":103,"column":34}},"103":{"start":{"line":104,"column":0},"end":{"line":104,"column":21}},"104":{"start":{"line":105,"column":0},"end":{"line":105,"column":29}},"105":{"start":{"line":106,"column":0},"end":{"line":106,"column":32}},"106":{"start":{"line":107,"column":0},"end":{"line":107,"column":50}},"107":{"start":{"line":108,"column":0},"end":{"line":108,"column":32}},"108":{"start":{"line":109,"column":0},"end":{"line":109,"column":18}},"109":{"start":{"line":110,"column":0},"end":{"line":110,"column":242}},"110":{"start":{"line":111,"column":0},"end":{"line":111,"column":15}},"111":{"start":{"line":112,"column":0},"end":{"line":112,"column":70}},"112":{"start":{"line":113,"column":0},"end":{"line":113,"column":23}},"113":{"start":{"line":114,"column":0},"end":{"line":114,"column":18}},"114":{"start":{"line":115,"column":0},"end":{"line":115,"column":16}},"115":{"start":{"line":116,"column":0},"end":{"line":116,"column":14}},"116":{"start":{"line":117,"column":0},"end":{"line":117,"column":12}},"117":{"start":{"line":118,"column":0},"end":{"line":118,"column":10}},"118":{"start":{"line":119,"column":0},"end":{"line":119,"column":3}},"119":{"start":{"line":120,"column":0},"end":{"line":120,"column":1}},"120":{"start":{"line":121,"column":0},"end":{"line":121,"column":0}},"121":{"start":{"line":122,"column":0},"end":{"line":122,"column":24}}},"s":{"0":1,"1":1,"2":1,"3":1,"4":201,"5":201,"6":201,"7":201,"8":201,"9":201,"10":201,"11":201,"12":7,"13":7,"14":7,"15":7,"16":7,"17":7,"18":2,"19":5,"20":3,"21":3,"22":3,"23":7,"24":7,"25":7,"26":7,"27":201,"28":201,"29":201,"30":201,"31":201,"32":201,"33":201,"34":201,"35":201,"36":201,"37":201,"38":201,"39":201,"40":201,"41":201,"42":201,"43":201,"44":201,"45":201,"46":201,"47":201,"48":201,"49":201,"50":201,"51":201,"52":201,"53":201,"54":201,"55":201,"56":201,"57":201,"58":201,"59":201,"60":201,"61":201,"62":3,"63":3,"64":3,"65":201,"66":201,"67":201,"68":201,"69":201,"70":201,"71":201,"72":201,"73":201,"74":7,"75":7,"76":7,"77":7,"78":7,"79":7,"80":7,"81":193,"82":43,"83":150,"84":150,"85":201,"86":201,"87":201,"88":201,"89":201,"90":201,"91":201,"92":201,"93":201,"94":201,"95":201,"96":201,"97":201,"98":201,"99":201,"100":201,"101":201,"102":201,"103":201,"104":201,"105":201,"106":7,"107":7,"108":7,"109":201,"110":201,"111":201,"112":201,"113":201,"114":201,"115":201,"116":201,"117":201,"118":201,"119":201,"120":1,"121":1},"branchMap":{"0":{"type":"branch","line":5,"loc":{"start":{"line":5,"column":0},"end":{"line":120,"column":1}},"locations":[{"start":{"line":5,"column":0},"end":{"line":120,"column":1}}]},"1":{"type":"branch","line":62,"loc":{"start":{"line":62,"column":13},"end":{"line":65,"column":20}},"locations":[{"start":{"line":62,"column":13},"end":{"line":65,"column":20}}]},"2":{"type":"branch","line":74,"loc":{"start":{"line":74,"column":17},"end":{"line":81,"column":25}},"locations":[{"start":{"line":74,"column":17},"end":{"line":81,"column":25}}]},"3":{"type":"branch","line":81,"loc":{"start":{"line":81,"column":18},"end":{"line":85,"column":27}},"locations":[{"start":{"line":81,"column":18},"end":{"line":85,"column":27}}]},"4":{"type":"branch","line":82,"loc":{"start":{"line":82,"column":20},"end":{"line":83,"column":34}},"locations":[{"start":{"line":82,"column":20},"end":{"line":83,"column":34}}]},"5":{"type":"branch","line":83,"loc":{"start":{"line":83,"column":18},"end":{"line":85,"column":27}},"locations":[{"start":{"line":83,"column":18},"end":{"line":85,"column":27}}]},"6":{"type":"branch","line":98,"loc":{"start":{"line":98,"column":19},"end":{"line":98,"column":64}},"locations":[{"start":{"line":98,"column":19},"end":{"line":98,"column":64}}]},"7":{"type":"branch","line":98,"loc":{"start":{"line":98,"column":35},"end":{"line":98,"column":89}},"locations":[{"start":{"line":98,"column":35},"end":{"line":98,"column":89}}]},"8":{"type":"branch","line":112,"loc":{"start":{"line":112,"column":17},"end":{"line":112,"column":53}},"locations":[{"start":{"line":112,"column":17},"end":{"line":112,"column":53}}]},"9":{"type":"branch","line":112,"loc":{"start":{"line":112,"column":33},"end":{"line":112,"column":70}},"locations":[{"start":{"line":112,"column":33},"end":{"line":112,"column":70}}]},"10":{"type":"branch","line":12,"loc":{"start":{"line":12,"column":23},"end":{"line":27,"column":3}},"locations":[{"start":{"line":12,"column":23},"end":{"line":27,"column":3}}]},"11":{"type":"branch","line":18,"loc":{"start":{"line":18,"column":19},"end":{"line":19,"column":35}},"locations":[{"start":{"line":18,"column":19},"end":{"line":19,"column":35}}]},"12":{"type":"branch","line":19,"loc":{"start":{"line":19,"column":34},"end":{"line":19,"column":35}},"locations":[{"start":{"line":19,"column":34},"end":{"line":19,"column":35}}]},"13":{"type":"branch","line":19,"loc":{"start":{"line":19,"column":34},"end":{"line":20,"column":32}},"locations":[{"start":{"line":19,"column":34},"end":{"line":20,"column":32}}]},"14":{"type":"branch","line":20,"loc":{"start":{"line":20,"column":31},"end":{"line":24,"column":6}},"locations":[{"start":{"line":20,"column":31},"end":{"line":24,"column":6}}]},"15":{"type":"branch","line":55,"loc":{"start":{"line":55,"column":28},"end":{"line":55,"column":60}},"locations":[{"start":{"line":55,"column":28},"end":{"line":55,"column":60}}]},"16":{"type":"branch","line":106,"loc":{"start":{"line":106,"column":25},"end":{"line":109,"column":18}},"locations":[{"start":{"line":106,"column":25},"end":{"line":109,"column":18}}]}},"b":{"0":[201],"1":[3],"2":[7],"3":[193],"4":[43],"5":[150],"6":[45],"7":[155],"8":[45],"9":[155],"10":[7],"11":[2],"12":[1],"13":[5],"14":[3],"15":[132],"16":[7]},"fnMap":{"0":{"name":"LoginPage","decl":{"start":{"line":5,"column":0},"end":{"line":120,"column":1}},"loc":{"start":{"line":5,"column":0},"end":{"line":120,"column":1}},"line":5},"1":{"name":"handleSubmit","decl":{"start":{"line":12,"column":23},"end":{"line":27,"column":3}},"loc":{"start":{"line":12,"column":23},"end":{"line":27,"column":3}},"line":12},"2":{"name":"onChange","decl":{"start":{"line":55,"column":28},"end":{"line":55,"column":60}},"loc":{"start":{"line":55,"column":28},"end":{"line":55,"column":60}},"line":55},"3":{"name":"onClick","decl":{"start":{"line":106,"column":25},"end":{"line":109,"column":18}},"loc":{"start":{"line":106,"column":25},"end":{"line":109,"column":18}},"line":106}},"f":{"0":201,"1":7,"2":132,"3":7}}
,"C:\\Users\\PC ENTER\\Desktop\\Master Burch\\IT 502 - AI-Driven Software Engineering\\Project\\frontend\\src\\services\\api.js": {"path":"C:\\Users\\PC ENTER\\Desktop\\Master Burch\\IT 502 - AI-Driven Software Engineering\\Project\\frontend\\src\\services\\api.js","all":false,"statementMap":{"0":{"start":{"line":1,"column":0},"end":{"line":1,"column":71}},"1":{"start":{"line":2,"column":0},"end":{"line":2,"column":0}},"2":{"start":{"line":3,"column":0},"end":{"line":3,"column":30}},"3":{"start":{"line":4,"column":0},"end":{"line":4,"column":32}},"4":{"start":{"line":5,"column":0},"end":{"line":5,"column":18}},"5":{"start":{"line":6,"column":0},"end":{"line":6,"column":24}},"6":{"start":{"line":7,"column":0},"end":{"line":7,"column":26}},"7":{"start":{"line":8,"column":0},"end":{"line":8,"column":3}},"8":{"start":{"line":9,"column":0},"end":{"line":9,"column":1}},"9":{"start":{"line":10,"column":0},"end":{"line":10,"column":0}},"10":{"start":{"line":11,"column":0},"end":{"line":11,"column":58}},"11":{"start":{"line":12,"column":0},"end":{"line":12,"column":7}},"12":{"start":{"line":13,"column":0},"end":{"line":13,"column":36}},"13":{"start":{"line":14,"column":0},"end":{"line":14,"column":19}},"14":{"start":{"line":15,"column":0},"end":{"line":15,"column":76}},"15":{"start":{"line":16,"column":0},"end":{"line":16,"column":25}},"16":{"start":{"line":17,"column":0},"end":{"line":17,"column":96}},"17":{"start":{"line":18,"column":0},"end":{"line":18,"column":9}},"18":{"start":{"line":19,"column":0},"end":{"line":19,"column":7}},"19":{"start":{"line":20,"column":0},"end":{"line":20,"column":5}},"20":{"start":{"line":21,"column":0},"end":{"line":21,"column":23}},"21":{"start":{"line":22,"column":0},"end":{"line":22,"column":87}},"22":{"start":{"line":23,"column":0},"end":{"line":23,"column":7}},"23":{"start":{"line":24,"column":0},"end":{"line":24,"column":5}},"24":{"start":{"line":25,"column":0},"end":{"line":25,"column":3}},"25":{"start":{"line":26,"column":0},"end":{"line":26,"column":1}},"26":{"start":{"line":27,"column":0},"end":{"line":27,"column":0}},"27":{"start":{"line":28,"column":0},"end":{"line":28,"column":41}},"28":{"start":{"line":29,"column":0},"end":{"line":29,"column":21}},"29":{"start":{"line":30,"column":0},"end":{"line":30,"column":86}},"30":{"start":{"line":31,"column":0},"end":{"line":31,"column":76}},"31":{"start":{"line":32,"column":0},"end":{"line":32,"column":3}},"32":{"start":{"line":33,"column":0},"end":{"line":33,"column":0}},"33":{"start":{"line":34,"column":0},"end":{"line":34,"column":32}},"34":{"start":{"line":35,"column":0},"end":{"line":35,"column":15}},"35":{"start":{"line":36,"column":0},"end":{"line":36,"column":3}},"36":{"start":{"line":37,"column":0},"end":{"line":37,"column":0}},"37":{"start":{"line":38,"column":0},"end":{"line":38,"column":24}},"38":{"start":{"line":39,"column":0},"end":{"line":39,"column":1}},"39":{"start":{"line":40,"column":0},"end":{"line":40,"column":0}},"40":{"start":{"line":41,"column":0},"end":{"line":41,"column":20}},"41":{"start":{"line":42,"column":0},"end":{"line":42,"column":9}},"42":{"start":{"line":43,"column":0},"end":{"line":43,"column":22}},"43":{"start":{"line":44,"column":0},"end":{"line":44,"column":76}},"44":{"start":{"line":45,"column":0},"end":{"line":45,"column":21}},"45":{"start":{"line":46,"column":0},"end":{"line":46,"column":54}},"46":{"start":{"line":47,"column":0},"end":{"line":47,"column":38}},"47":{"start":{"line":48,"column":0},"end":{"line":48,"column":6}},"48":{"start":{"line":49,"column":0},"end":{"line":49,"column":35}},"49":{"start":{"line":50,"column":0},"end":{"line":50,"column":4}},"50":{"start":{"line":51,"column":0},"end":{"line":51,"column":0}},"51":{"start":{"line":52,"column":0},"end":{"line":52,"column":25}},"52":{"start":{"line":53,"column":0},"end":{"line":53,"column":79}},"53":{"start":{"line":54,"column":0},"end":{"line":54,"column":21}},"54":{"start":{"line":55,"column":0},"end":{"line":55,"column":54}},"55":{"start":{"line":56,"column":0},"end":{"line":56,"column":38}},"56":{"start":{"line":57,"column":0},"end":{"line":57,"column":6}},"57":{"start":{"line":58,"column":0},"end":{"line":58,"column":35}},"58":{"start":{"line":59,"column":0},"end":{"line":59,"column":4}},"59":{"start":{"line":60,"column":0},"end":{"line":60,"column":0}},"60":{"start":{"line":61,"column":0},"end":{"line":61,"column":13}},"61":{"start":{"line":62,"column":0},"end":{"line":62,"column":33}},"62":{"start":{"line":63,"column":0},"end":{"line":63,"column":88}},"63":{"start":{"line":64,"column":0},"end":{"line":64,"column":35}},"64":{"start":{"line":65,"column":0},"end":{"line":65,"column":4}},"65":{"start":{"line":66,"column":0},"end":{"line":66,"column":0}},"66":{"start":{"line":67,"column":0},"end":{"line":67,"column":44}},"67":{"start":{"line":68,"column":0},"end":{"line":68,"column":90}},"68":{"start":{"line":69,"column":0},"end":{"line":69,"column":21}},"69":{"start":{"line":70,"column":0},"end":{"line":70,"column":54}},"70":{"start":{"line":71,"column":0},"end":{"line":71,"column":40}},"71":{"start":{"line":72,"column":0},"end":{"line":72,"column":6}},"72":{"start":{"line":73,"column":0},"end":{"line":73,"column":35}},"73":{"start":{"line":74,"column":0},"end":{"line":74,"column":4}},"74":{"start":{"line":75,"column":0},"end":{"line":75,"column":0}},"75":{"start":{"line":76,"column":0},"end":{"line":76,"column":47}},"76":{"start":{"line":77,"column":0},"end":{"line":77,"column":87}},"77":{"start":{"line":78,"column":0},"end":{"line":78,"column":20}},"78":{"start":{"line":79,"column":0},"end":{"line":79,"column":54}},"79":{"start":{"line":80,"column":0},"end":{"line":80,"column":40}},"80":{"start":{"line":81,"column":0},"end":{"line":81,"column":6}},"81":{"start":{"line":82,"column":0},"end":{"line":82,"column":35}},"82":{"start":{"line":83,"column":0},"end":{"line":83,"column":4}},"83":{"start":{"line":84,"column":0},"end":{"line":84,"column":0}},"84":{"start":{"line":85,"column":0},"end":{"line":85,"column":34}},"85":{"start":{"line":86,"column":0},"end":{"line":86,"column":87}},"86":{"start":{"line":87,"column":0},"end":{"line":87,"column":23}},"87":{"start":{"line":88,"column":0},"end":{"line":88,"column":6}},"88":{"start":{"line":89,"column":0},"end":{"line":89,"column":35}},"89":{"start":{"line":90,"column":0},"end":{"line":90,"column":4}},"90":{"start":{"line":91,"column":0},"end":{"line":91,"column":0}},"91":{"start":{"line":92,"column":0},"end":{"line":92,"column":10}},"92":{"start":{"line":93,"column":0},"end":{"line":93,"column":30}},"93":{"start":{"line":94,"column":0},"end":{"line":94,"column":85}},"94":{"start":{"line":95,"column":0},"end":{"line":95,"column":35}},"95":{"start":{"line":96,"column":0},"end":{"line":96,"column":4}},"96":{"start":{"line":97,"column":0},"end":{"line":97,"column":1}},"97":{"start":{"line":98,"column":0},"end":{"line":98,"column":0}},"98":{"start":{"line":99,"column":0},"end":{"line":99,"column":19}}},"s":{"0":1,"1":1,"2":1,"3":1,"4":12,"5":12,"6":12,"7":12,"8":1,"9":1,"10":17,"11":17,"12":17,"13":17,"14":3,"15":2,"16":2,"17":2,"18":2,"19":2,"20":1,"21":1,"22":1,"23":1,"24":1,"25":17,"26":1,"27":14,"28":14,"29":7,"30":7,"31":7,"32":7,"33":14,"34":1,"35":1,"36":6,"37":6,"38":6,"39":1,"40":1,"41":1,"42":1,"43":7,"44":7,"45":7,"46":7,"47":7,"48":4,"49":1,"50":1,"51":1,"52":2,"53":2,"54":2,"55":2,"56":2,"57":2,"58":1,"59":1,"60":1,"61":1,"62":2,"63":2,"64":1,"65":1,"66":1,"67":1,"68":1,"69":1,"70":1,"71":1,"72":1,"73":1,"74":1,"75":1,"76":2,"77":2,"78":2,"79":2,"80":2,"81":2,"82":1,"83":1,"84":1,"85":2,"86":2,"87":2,"88":2,"89":1,"90":1,"91":1,"92":1,"93":1,"94":1,"95":1,"96":1,"97":1,"98":1},"branchMap":{"0":{"type":"branch","line":1,"loc":{"start":{"line":1,"column":45},"end":{"line":1,"column":71}},"locations":[{"start":{"line":1,"column":45},"end":{"line":1,"column":71}}]},"1":{"type":"branch","line":4,"loc":{"start":{"line":4,"column":2},"end":{"line":8,"column":3}},"locations":[{"start":{"line":4,"column":2},"end":{"line":8,"column":3}}]},"2":{"type":"branch","line":11,"loc":{"start":{"line":11,"column":0},"end":{"line":26,"column":1}},"locations":[{"start":{"line":11,"column":0},"end":{"line":26,"column":1}}]},"3":{"type":"branch","line":14,"loc":{"start":{"line":14,"column":4},"end":{"line":25,"column":3}},"locations":[{"start":{"line":14,"column":4},"end":{"line":25,"column":3}}]},"4":{"type":"branch","line":15,"loc":{"start":{"line":15,"column":35},"end":{"line":15,"column":73}},"locations":[{"start":{"line":15,"column":35},"end":{"line":15,"column":73}}]},"5":{"type":"branch","line":15,"loc":{"start":{"line":15,"column":75},"end":{"line":20,"column":5}},"locations":[{"start":{"line":15,"column":75},"end":{"line":20,"column":5}}]},"6":{"type":"branch","line":20,"loc":{"start":{"line":20,"column":4},"end":{"line":25,"column":3}},"locations":[{"start":{"line":20,"column":4},"end":{"line":25,"column":3}}]},"7":{"type":"branch","line":28,"loc":{"start":{"line":28,"column":0},"end":{"line":39,"column":1}},"locations":[{"start":{"line":28,"column":0},"end":{"line":39,"column":1}}]},"8":{"type":"branch","line":29,"loc":{"start":{"line":29,"column":20},"end":{"line":34,"column":31}},"locations":[{"start":{"line":29,"column":20},"end":{"line":34,"column":31}}]},"9":{"type":"branch","line":31,"loc":{"start":{"line":31,"column":36},"end":{"line":31,"column":58}},"locations":[{"start":{"line":31,"column":36},"end":{"line":31,"column":58}}]},"10":{"type":"branch","line":34,"loc":{"start":{"line":34,"column":31},"end":{"line":36,"column":3}},"locations":[{"start":{"line":34,"column":31},"end":{"line":36,"column":3}}]},"11":{"type":"branch","line":36,"loc":{"start":{"line":36,"column":2},"end":{"line":39,"column":1}},"locations":[{"start":{"line":36,"column":2},"end":{"line":39,"column":1}}]},"12":{"type":"branch","line":30,"loc":{"start":{"line":30,"column":46},"end":{"line":30,"column":85}},"locations":[{"start":{"line":30,"column":46},"end":{"line":30,"column":85}}]},"13":{"type":"branch","line":43,"loc":{"start":{"line":43,"column":2},"end":{"line":50,"column":3}},"locations":[{"start":{"line":43,"column":2},"end":{"line":50,"column":3}}]},"14":{"type":"branch","line":48,"loc":{"start":{"line":48,"column":5},"end":{"line":50,"column":2}},"locations":[{"start":{"line":48,"column":5},"end":{"line":50,"column":2}}]},"15":{"type":"branch","line":52,"loc":{"start":{"line":52,"column":2},"end":{"line":59,"column":3}},"locations":[{"start":{"line":52,"column":2},"end":{"line":59,"column":3}}]},"16":{"type":"branch","line":62,"loc":{"start":{"line":62,"column":2},"end":{"line":65,"column":3}},"locations":[{"start":{"line":62,"column":2},"end":{"line":65,"column":3}}]},"17":{"type":"branch","line":67,"loc":{"start":{"line":67,"column":2},"end":{"line":74,"column":3}},"locations":[{"start":{"line":67,"column":2},"end":{"line":74,"column":3}}]},"18":{"type":"branch","line":76,"loc":{"start":{"line":76,"column":2},"end":{"line":83,"column":3}},"locations":[{"start":{"line":76,"column":2},"end":{"line":83,"column":3}}]},"19":{"type":"branch","line":85,"loc":{"start":{"line":85,"column":2},"end":{"line":90,"column":3}},"locations":[{"start":{"line":85,"column":2},"end":{"line":90,"column":3}}]},"20":{"type":"branch","line":93,"loc":{"start":{"line":93,"column":2},"end":{"line":96,"column":3}},"locations":[{"start":{"line":93,"column":2},"end":{"line":96,"column":3}}]}},"b":{"0":[0],"1":[12],"2":[17],"3":[3],"4":[2],"5":[2],"6":[1],"7":[14],"8":[7],"9":[0],"10":[1],"11":[6],"12":[1],"13":[7],"14":[4],"15":[2],"16":[2],"17":[1],"18":[2],"19":[2],"20":[1]},"fnMap":{"0":{"name":"ApiError","decl":{"start":{"line":4,"column":2},"end":{"line":8,"column":3}},"loc":{"start":{"line":4,"column":2},"end":{"line":8,"column":3}},"line":4},"1":{"name":"fetchWithErrorHandling","decl":{"start":{"line":11,"column":0},"end":{"line":26,"column":1}},"loc":{"start":{"line":11,"column":0},"end":{"line":26,"column":1}},"line":11},"2":{"name":"handleResponse","decl":{"start":{"line":28,"column":0},"end":{"line":39,"column":1}},"loc":{"start":{"line":28,"column":0},"end":{"line":39,"column":1}},"line":28},"3":{"name":"login","decl":{"start":{"line":43,"column":2},"end":{"line":50,"column":3}},"loc":{"start":{"line":43,"column":2},"end":{"line":50,"column":3}},"line":43},"4":{"name":"register","decl":{"start":{"line":52,"column":2},"end":{"line":59,"column":3}},"loc":{"start":{"line":52,"column":2},"end":{"line":59,"column":3}},"line":52},"5":{"name":"getUserSessions","decl":{"start":{"line":62,"column":2},"end":{"line":65,"column":3}},"loc":{"start":{"line":62,"column":2},"end":{"line":65,"column":3}},"line":62},"6":{"name":"createSession","decl":{"start":{"line":67,"column":2},"end":{"line":74,"column":3}},"loc":{"start":{"line":67,"column":2},"end":{"line":74,"column":3}},"line":67},"7":{"name":"updateSession","decl":{"start":{"line":76,"column":2},"end":{"line":83,"column":3}},"loc":{"start":{"line":76,"column":2},"end":{"line":83,"column":3}},"line":76},"8":{"name":"deleteSession","decl":{"start":{"line":85,"column":2},"end":{"line":90,"column":3}},"loc":{"start":{"line":85,"column":2},"end":{"line":90,"column":3}},"line":85},"9":{"name":"getUserStats","decl":{"start":{"line":93,"column":2},"end":{"line":96,"column":3}},"loc":{"start":{"line":93,"column":2},"end":{"line":96,"column":3}},"line":93}},"f":{"0":12,"1":17,"2":14,"3":7,"4":2,"5":2,"6":1,"7":2,"8":2,"9":1}}
}
